#
# A fatal error has been detected by the Java Runtime Environment:
#
#  Internal Error (javaClasses.cpp:139), pid=10811, tid=3058907968
#  fatal error: Invalid layout of preloaded class
#
# JRE version:  (7.0_65-b32) (build )
# Java VM: OpenJDK Server VM (24.65-b04 mixed mode linux-x86 )
# Derivative: IcedTea 2.5.3
# Distribution: Ubuntu 14.04 LTS, package 7u71-2.5.3-0ubuntu0.14.04.1
# Failed to write core dump. Core dumps have been disabled. To enable core dumping, try "ulimit -c unlimited" before starting Java again
#
# If you would like to submit a bug report, please include
# instructions on how to reproduce the bug and visit:
#   http://icedtea.classpath.org/bugzilla
#

---------------  T H R E A D  ---------------

Current thread (0xb6307c00):  JavaThread "Unknown thread" [_thread_in_vm, id=10814, stack(0xb64e3000,0xb6534000)]

Stack: [0xb64e3000,0xb6534000]

---------------  P R O C E S S  ---------------

Java Threads: ( => current thread )

Other Threads:

=>0xb6307c00 (exited) JavaThread "Unknown thread" [_thread_in_vm, id=10814, stack(0xb64e3000,0xb6534000)]

VM state:not at safepoint (not fully initialized)

VM Mutex/Monitor currently owned by a thread: None

GC Heap History (0 events):
No events

Deoptimization events (0 events):
No events

Internal exceptions (0 events):
No events

Events (10 events):
Event: 0.012 loading class 0x6ba24670 done
Event: 0.013 loading class 0x6ba24100 done
Event: 0.013 loading class 0x6ba240e0
Event: 0.013 loading class 0x6ba2b3b8
Event: 0.013 loading class 0x6ba2b3b8 done
Event: 0.013 loading class 0x6ba2b3e8
Event: 0.013 loading class 0x6ba2b3e8 done
Event: 0.013 loading class 0x6ba2b418
Event: 0.013 loading class 0x6ba2b418 done
Event: 0.013 loading class 0x6ba240e0 done


Dynamic libraries:
08048000-08049000 r-xp 00000000 08:04 666900     /usr/lib/jvm/java-7-openjdk-i386/jre/bin/java
08049000-0804a000 r--p 00000000 08:04 666900     /usr/lib/jvm/java-7-openjdk-i386/jre/bin/java
0804a000-0804b000 rw-p 00001000 08:04 666900     /usr/lib/jvm/java-7-openjdk-i386/jre/bin/java
09f70000-09f91000 rw-p 00000000 00:00 0          [heap]
69038000-690fe000 r--s 0116f000 08:04 2774855    /home/stefo/Desktop/adt-bundle-linux-x86-20140702/sdk/platforms/android-17/android.jar
690fe000-6b900000 rw-p 00000000 00:00 0 
6b900000-6b921000 rw-p 00000000 00:00 0 
6b921000-6ba00000 ---p 00000000 00:00 0 
6ba24000-6ba7f000 rw-p 00000000 00:00 0 
6ba7f000-6ba80000 ---p 00000000 00:00 0 
6ba80000-6bb00000 rw-p 00000000 00:00 0          [stack:10818]
6bb00000-6bb21000 rw-p 00000000 00:00 0 
6bb21000-6bc00000 ---p 00000000 00:00 0 
6bc10000-6bc34000 rw-p 00000000 00:00 0 
6bc34000-6bc35000 ---p 00000000 00:00 0 
6bc35000-6bcca000 rw-p 00000000 00:00 0          [stack:10817]
6bcca000-6be06000 rw-p 00000000 00:00 0 
6be06000-6be0e000 rw-p 00000000 00:00 0 
6be0e000-6be46000 rw-p 00000000 00:00 0 
6be46000-6be5b000 rw-p 00000000 00:00 0 
6be5b000-6bf96000 rw-p 00000000 00:00 0 
6bf96000-6bfa2000 rw-p 00000000 00:00 0 
6bfa2000-6c03f000 rw-p 00000000 00:00 0 
6c03f000-6d040000 rw-p 00000000 00:00 0 
6d040000-74040000 rw-p 00000000 00:00 0 
74040000-76a40000 rw-p 00000000 00:00 0 
76a40000-9e180000 rw-p 00000000 00:00 0 
9e180000-9f680000 rw-p 00000000 00:00 0 
9f680000-b3240000 rw-p 00000000 00:00 0 
b3240000-b3249000 rw-p 00000000 00:00 0 
b3249000-b3300000 rw-p 00000000 00:00 0 
b3300000-b3540000 rwxp 00000000 00:00 0 
b3540000-b6354000 rw-p 00000000 00:00 0 
b6354000-b6400000 ---p 00000000 00:00 0 
b6405000-b6428000 rw-p 00000000 00:00 0 
b6428000-b6460000 rw-p 00000000 00:00 0 
b6460000-b646b000 r-xp 00000000 08:04 1191679    /lib/i386-linux-gnu/libnss_files-2.19.so
b646b000-b646c000 r--p 0000a000 08:04 1191679    /lib/i386-linux-gnu/libnss_files-2.19.so
b646c000-b646d000 rw-p 0000b000 08:04 1191679    /lib/i386-linux-gnu/libnss_files-2.19.so
b646d000-b6477000 r-xp 00000000 08:04 1196034    /lib/i386-linux-gnu/libnss_nis-2.19.so
b6477000-b6478000 r--p 00009000 08:04 1196034    /lib/i386-linux-gnu/libnss_nis-2.19.so
b6478000-b6479000 rw-p 0000a000 08:04 1196034    /lib/i386-linux-gnu/libnss_nis-2.19.so
b6479000-b648e000 r-xp 00000000 08:04 1196025    /lib/i386-linux-gnu/libnsl-2.19.so
b648e000-b648f000 r--p 00015000 08:04 1196025    /lib/i386-linux-gnu/libnsl-2.19.so
b648f000-b6490000 rw-p 00016000 08:04 1196025    /lib/i386-linux-gnu/libnsl-2.19.so
b6490000-b6492000 rw-p 00000000 00:00 0 
b649f000-b64a7000 r-xp 00000000 08:04 139579     /usr/lib/jvm/java-7-openjdk-i386/jre/lib/i386/libzip.so
b64a7000-b64a8000 r--p 00007000 08:04 139579     /usr/lib/jvm/java-7-openjdk-i386/jre/lib/i386/libzip.so
b64a8000-b64a9000 rw-p 00008000 08:04 139579     /usr/lib/jvm/java-7-openjdk-i386/jre/lib/i386/libzip.so
b64a9000-b64b1000 rw-s 00000000 08:04 286806     /tmp/hsperfdata_stefo/10811
b64b1000-b64d8000 r-xp 00000000 08:04 139578     /usr/lib/jvm/java-7-openjdk-i386/jre/lib/i386/libjava.so
b64d8000-b64d9000 r--p 00026000 08:04 139578     /usr/lib/jvm/java-7-openjdk-i386/jre/lib/i386/libjava.so
b64d9000-b64da000 rw-p 00027000 08:04 139578     /usr/lib/jvm/java-7-openjdk-i386/jre/lib/i386/libjava.so
b64da000-b64e1000 r-xp 00000000 08:04 1196022    /lib/i386-linux-gnu/librt-2.19.so
b64e1000-b64e2000 r--p 00006000 08:04 1196022    /lib/i386-linux-gnu/librt-2.19.so
b64e2000-b64e3000 rw-p 00007000 08:04 1196022    /lib/i386-linux-gnu/librt-2.19.so
b64e3000-b64e6000 ---p 00000000 00:00 0 
b64e6000-b6534000 rw-p 00000000 00:00 0          [stack:10814]
b6534000-b6550000 r-xp 00000000 08:04 1182940    /lib/i386-linux-gnu/libgcc_s.so.1
b6550000-b6551000 rw-p 0001b000 08:04 1182940    /lib/i386-linux-gnu/libgcc_s.so.1
b6551000-b6595000 r-xp 00000000 08:04 1196029    /lib/i386-linux-gnu/libm-2.19.so
b6595000-b6596000 r--p 00043000 08:04 1196029    /lib/i386-linux-gnu/libm-2.19.so
b6596000-b6597000 rw-p 00044000 08:04 1196029    /lib/i386-linux-gnu/libm-2.19.so
b6597000-b6673000 r-xp 00000000 08:04 3307790    /usr/lib/i386-linux-gnu/libstdc++.so.6.0.19
b6673000-b6674000 ---p 000dc000 08:04 3307790    /usr/lib/i386-linux-gnu/libstdc++.so.6.0.19
b6674000-b6678000 r--p 000dc000 08:04 3307790    /usr/lib/i386-linux-gnu/libstdc++.so.6.0.19
b6678000-b6679000 rw-p 000e0000 08:04 3307790    /usr/lib/i386-linux-gnu/libstdc++.so.6.0.19
b6679000-b6680000 rw-p 00000000 00:00 0 
b6680000-b706b000 r-xp 00000000 08:04 139596     /usr/lib/jvm/java-7-openjdk-i386/jre/lib/i386/server/libjvm.so
b706b000-b706c000 ---p 009eb000 08:04 139596     /usr/lib/jvm/java-7-openjdk-i386/jre/lib/i386/server/libjvm.so
b706c000-b70be000 r--p 009eb000 08:04 139596     /usr/lib/jvm/java-7-openjdk-i386/jre/lib/i386/server/libjvm.so
b70be000-b70d2000 rw-p 00a3d000 08:04 139596     /usr/lib/jvm/java-7-openjdk-i386/jre/lib/i386/server/libjvm.so
b70d2000-b74ef000 rw-p 00000000 00:00 0 
b74ef000-b7507000 r-xp 00000000 08:04 1182943    /lib/i386-linux-gnu/libz.so.1.2.8
b7507000-b7508000 r--p 00017000 08:04 1182943    /lib/i386-linux-gnu/libz.so.1.2.8
b7508000-b7509000 rw-p 00018000 08:04 1182943    /lib/i386-linux-gnu/libz.so.1.2.8
b7509000-b750a000 rw-p 00000000 00:00 0 
b750a000-b7522000 r-xp 00000000 08:04 1196066    /lib/i386-linux-gnu/libpthread-2.19.so
b7522000-b7523000 r--p 00017000 08:04 1196066    /lib/i386-linux-gnu/libpthread-2.19.so
b7523000-b7524000 rw-p 00018000 08:04 1196066    /lib/i386-linux-gnu/libpthread-2.19.so
b7524000-b7526000 rw-p 00000000 00:00 0 
b7526000-b7529000 r-xp 00000000 08:04 1196071    /lib/i386-linux-gnu/libdl-2.19.so
b7529000-b752a000 r--p 00002000 08:04 1196071    /lib/i386-linux-gnu/libdl-2.19.so
b752a000-b752b000 rw-p 00003000 08:04 1196071    /lib/i386-linux-gnu/libdl-2.19.so
b752b000-b76d4000 r-xp 00000000 08:04 1196044    /lib/i386-linux-gnu/libc-2.19.so
b76d4000-b76d5000 ---p 001a9000 08:04 1196044    /lib/i386-linux-gnu/libc-2.19.so
b76d5000-b76d7000 r--p 001a9000 08:04 1196044    /lib/i386-linux-gnu/libc-2.19.so
b76d7000-b76d8000 rw-p 001ab000 08:04 1196044    /lib/i386-linux-gnu/libc-2.19.so
b76d8000-b76db000 rw-p 00000000 00:00 0 
b76df000-b76e6000 r-xp 00000000 08:04 1196013    /lib/i386-linux-gnu/libnss_compat-2.19.so
b76e6000-b76e7000 r--p 00006000 08:04 1196013    /lib/i386-linux-gnu/libnss_compat-2.19.so
b76e7000-b76e8000 rw-p 00007000 08:04 1196013    /lib/i386-linux-gnu/libnss_compat-2.19.so
b76e8000-b76e9000 rw-p 00000000 00:00 0 
b76e9000-b76ea000 r--p 00000000 00:00 0 
b76ea000-b76f8000 r-xp 00000000 08:04 139606     /usr/lib/jvm/java-7-openjdk-i386/jre/lib/i386/libverify.so
b76f8000-b76f9000 r--p 0000d000 08:04 139606     /usr/lib/jvm/java-7-openjdk-i386/jre/lib/i386/libverify.so
b76f9000-b76fa000 rw-p 0000e000 08:04 139606     /usr/lib/jvm/java-7-openjdk-i386/jre/lib/i386/libverify.so
b76fa000-b7706000 r-xp 00000000 08:04 139610     /usr/lib/jvm/java-7-openjdk-i386/jre/lib/i386/jli/libjli.so
b7706000-b7707000 r--p 0000c000 08:04 139610     /usr/lib/jvm/java-7-openjdk-i386/jre/lib/i386/jli/libjli.so
b7707000-b7708000 rw-p 0000d000 08:04 139610     /usr/lib/jvm/java-7-openjdk-i386/jre/lib/i386/jli/libjli.so
b7708000-b770b000 rw-p 00000000 00:00 0 
b770b000-b770c000 r-xp 00000000 00:00 0          [vdso]
b770c000-b772c000 r-xp 00000000 08:04 1196069    /lib/i386-linux-gnu/ld-2.19.so
b772c000-b772d000 r--p 0001f000 08:04 1196069    /lib/i386-linux-gnu/ld-2.19.so
b772d000-b772e000 rw-p 00020000 08:04 1196069    /lib/i386-linux-gnu/ld-2.19.so
bf90f000-bf910000 rwxp 00000000 00:00 0 
bf942000-bf963000 rw-p 00000000 00:00 0          [stack]

VM Arguments:
jvm_args: -Dfile.encoding=UTF-8 -Xbootclasspath:/home/stefo/Desktop/adt-bundle-linux-x86-20140702/sdk/platforms/android-17/android.jar 
java_command: org.elsys.NeuralNet.Training
Launcher Type: SUN_STANDARD

Environment Variables:
PATH=/usr/local/sbin:/usr/local/bin:/usr/sbin:/usr/bin:/sbin:/bin:/usr/games:/usr/local/games
LD_LIBRARY_PATH=/usr/lib/jvm/java-7-openjdk-i386/jre/lib/i386/server:/usr/lib/jvm/java-7-openjdk-i386/jre/lib/i386:/usr/lib/jvm/java-7-openjdk-i386/jre/../lib/i386:/usr/lib/jvm/java-7-openjdk-i386/jre/lib/i386/client:/usr/lib/jvm/java-7-openjdk-i386/jre/lib/i386:
SHELL=/bin/bash
DISPLAY=:0.0

Signal Handlers:
SIGSEGV: [libjvm.so+0x80a5e0], sa_mask[0]=0x7ffbfeff, sa_flags=0x10000004
SIGBUS: [libjvm.so+0x80a5e0], sa_mask[0]=0x7ffbfeff, sa_flags=0x10000004
SIGFPE: [libjvm.so+0x6844f0], sa_mask[0]=0x7ffbfeff, sa_flags=0x10000004
SIGPIPE: [libjvm.so+0x6844f0], sa_mask[0]=0x7ffbfeff, sa_flags=0x10000004
SIGXFSZ: [libjvm.so+0x6844f0], sa_mask[0]=0x7ffbfeff, sa_flags=0x10000004
SIGILL: [libjvm.so+0x6844f0], sa_mask[0]=0x7ffbfeff, sa_flags=0x10000004
SIGUSR1: SIG_DFL, sa_mask[0]=0x00000000, sa_flags=0x00000000
SIGUSR2: [libjvm.so+0x684380], sa_mask[0]=0x00000004, sa_flags=0x10000004
SIGHUP: SIG_DFL, sa_mask[0]=0x00000000, sa_flags=0x00000000
SIGINT: SIG_DFL, sa_mask[0]=0x00000000, sa_flags=0x00000000
SIGTERM: SIG_DFL, sa_mask[0]=0x00000000, sa_flags=0x00000000
SIGQUIT: SIG_DFL, sa_mask[0]=0x00000000, sa_flags=0x00000000
SIGTRAP: SIG_DFL, sa_mask[0]=0x00000000, sa_flags=0x00000000


---------------  S Y S T E M  ---------------

OS:Ubuntu 14.04 (trusty)
uname:Linux 3.13.0-39-generic #66-Ubuntu SMP Tue Oct 28 13:31:23 UTC 2014 i686
libc:glibc 2.19 NPTL 2.19 
rlimit: STACK 8192k, CORE 0k, NPROC 32157, NOFILE 4096, AS infinity
load average:0.65 0.72 0.73

/proc/meminfo:
MemTotal:        4135352 kB
MemFree:          629520 kB
Buffers:          253664 kB
Cached:          1049000 kB
SwapCached:            0 kB
Active:          2610600 kB
Inactive:         701364 kB
Active(anon):    2010844 kB
Inactive(anon):   101992 kB
Active(file):     599756 kB
Inactive(file):   599372 kB
Unevictable:         348 kB
Mlocked:             348 kB
HighTotal:       3280552 kB
HighFree:         438132 kB
LowTotal:         854800 kB
LowFree:          191388 kB
SwapTotal:             0 kB
SwapFree:              0 kB
Dirty:               644 kB
Writeback:             0 kB
AnonPages:       2009668 kB
Mapped:           351984 kB
Shmem:            103536 kB
Slab:             138044 kB
SReclaimable:     116860 kB
SUnreclaim:        21184 kB
KernelStack:        5008 kB
PageTables:        19200 kB
NFS_Unstable:          0 kB
Bounce:                0 kB
WritebackTmp:          0 kB
CommitLimit:     2067676 kB
Committed_AS:    6599012 kB
VmallocTotal:     122880 kB
VmallocUsed:       61216 kB
VmallocChunk:      33960 kB
HardwareCorrupted:     0 kB
AnonHugePages:   1132544 kB
HugePages_Total:       0
HugePages_Free:        0
HugePages_Rsvd:        0
HugePages_Surp:        0
Hugepagesize:       2048 kB
DirectMap4k:       22520 kB
DirectMap2M:      890880 kB


CPU:total 2 (2 cores per cpu, 1 threads per core) family 6 model 15 stepping 13, cmov, cx8, fxsr, mmx, sse, sse2, sse3, ssse3, tsc

/proc/cpuinfo:
processor	: 0
vendor_id	: GenuineIntel
cpu family	: 6
model		: 15
model name	: Intel(R) Core(TM)2 Duo CPU     T5900  @ 2.20GHz
stepping	: 13
microcode	: 0xa3
cpu MHz		: 2200.000
cache size	: 2048 KB
physical id	: 0
siblings	: 2
core id		: 0
cpu cores	: 2
apicid		: 0
initial apicid	: 0
fdiv_bug	: no
f00f_bug	: no
coma_bug	: no
fpu		: yes
fpu_exception	: yes
cpuid level	: 10
wp		: yes
flags		: fpu vme de pse tsc msr pae mce cx8 apic sep mtrr pge mca cmov pat pse36 clflush dts acpi mmx fxsr sse sse2 ss ht tm pbe nx lm constant_tsc arch_perfmon pebs bts aperfmperf pni dtes64 monitor ds_cpl est tm2 ssse3 cx16 xtpr pdcm lahf_lm dtherm
bogomips	: 4399.96
clflush size	: 64
cache_alignment	: 64
address sizes	: 36 bits physical, 48 bits virtual
power management:

processor	: 1
vendor_id	: GenuineIntel
cpu family	: 6
model		: 15
model name	: Intel(R) Core(TM)2 Duo CPU     T5900  @ 2.20GHz
stepping	: 13
microcode	: 0xa3
cpu MHz		: 2200.000
cache size	: 2048 KB
physical id	: 0
siblings	: 2
core id		: 1
cpu cores	: 2
apicid		: 1
initial apicid	: 1
fdiv_bug	: no
f00f_bug	: no
coma_bug	: no
fpu		: yes
fpu_exception	: yes
cpuid level	: 10
wp		: yes
flags		: fpu vme de pse tsc msr pae mce cx8 apic sep mtrr pge mca cmov pat pse36 clflush dts acpi mmx fxsr sse sse2 ss ht tm pbe nx lm constant_tsc arch_perfmon pebs bts aperfmperf pni dtes64 monitor ds_cpl est tm2 ssse3 cx16 xtpr pdcm lahf_lm dtherm
bogomips	: 4399.96
clflush size	: 64
cache_alignment	: 64
address sizes	: 36 bits physical, 48 bits virtual
power management:



Memory: 4k page, physical 4135352k(629520k free), swap 0k(0k free)

vm_info: OpenJDK Server VM (24.65-b04) for linux-x86 JRE (1.7.0_65-b32), built on Oct 22 2014 04:44:59 by "buildd" with gcc 4.8.2

time: Sat Feb 14 16:12:35 2015
elapsed time: 0 seconds

