#
# A fatal error has been detected by the Java Runtime Environment:
#
#  Internal Error (javaClasses.cpp:139), pid=12011, tid=3059276608
#  fatal error: Invalid layout of preloaded class
#
# JRE version:  (7.0_65-b32) (build )
# Java VM: OpenJDK Server VM (24.65-b04 mixed mode linux-x86 )
# Derivative: IcedTea 2.5.3
# Distribution: Ubuntu 14.04 LTS, package 7u71-2.5.3-0ubuntu0.14.04.1
# Failed to write core dump. Core dumps have been disabled. To enable core dumping, try "ulimit -c unlimited" before starting Java again
#
# If you would like to submit a bug report, please include
# instructions on how to reproduce the bug and visit:
#   http://icedtea.classpath.org/bugzilla
#

---------------  T H R E A D  ---------------

Current thread (0xb6407c00):  JavaThread "Unknown thread" [_thread_in_vm, id=12013, stack(0xb653d000,0xb658e000)]

Stack: [0xb653d000,0xb658e000]

---------------  P R O C E S S  ---------------

Java Threads: ( => current thread )

Other Threads:

=>0xb6407c00 (exited) JavaThread "Unknown thread" [_thread_in_vm, id=12013, stack(0xb653d000,0xb658e000)]

VM state:not at safepoint (not fully initialized)

VM Mutex/Monitor currently owned by a thread: None

GC Heap History (0 events):
No events

Deoptimization events (0 events):
No events

Internal exceptions (0 events):
No events

Events (10 events):
Event: 0.015 loading class 0x6bc19670 done
Event: 0.015 loading class 0x6bc19100 done
Event: 0.015 loading class 0x6bc190e0
Event: 0.015 loading class 0x6bc203b8
Event: 0.015 loading class 0x6bc203b8 done
Event: 0.015 loading class 0x6bc203e8
Event: 0.016 loading class 0x6bc203e8 done
Event: 0.016 loading class 0x6bc20418
Event: 0.016 loading class 0x6bc20418 done
Event: 0.016 loading class 0x6bc190e0 done


Dynamic libraries:
08048000-08049000 r-xp 00000000 08:04 666900     /usr/lib/jvm/java-7-openjdk-i386/jre/bin/java
08049000-0804a000 r--p 00000000 08:04 666900     /usr/lib/jvm/java-7-openjdk-i386/jre/bin/java
0804a000-0804b000 rw-p 00001000 08:04 666900     /usr/lib/jvm/java-7-openjdk-i386/jre/bin/java
09169000-0918a000 rw-p 00000000 00:00 0          [heap]
69038000-690fe000 r--s 0116f000 08:04 2774855    /home/stefo/Desktop/adt-bundle-linux-x86-20140702/sdk/platforms/android-17/android.jar
690fe000-6b900000 rw-p 00000000 00:00 0 
6b900000-6b921000 rw-p 00000000 00:00 0 
6b921000-6ba00000 ---p 00000000 00:00 0 
6ba5b000-6ba7f000 rw-p 00000000 00:00 0 
6ba7f000-6ba80000 ---p 00000000 00:00 0 
6ba80000-6bb00000 rw-p 00000000 00:00 0          [stack:12016]
6bb00000-6bb21000 rw-p 00000000 00:00 0 
6bb21000-6bc00000 ---p 00000000 00:00 0 
6bc19000-6bc74000 rw-p 00000000 00:00 0 
6bc74000-6bc75000 ---p 00000000 00:00 0 
6bc75000-6bcfd000 rw-p 00000000 00:00 0          [stack:12015]
6bcfd000-6bd35000 rw-p 00000000 00:00 0 
6bd35000-6bd4a000 rw-p 00000000 00:00 0 
6bd4a000-6be86000 rw-p 00000000 00:00 0 
6be86000-6be8e000 rw-p 00000000 00:00 0 
6be8e000-6bec6000 rw-p 00000000 00:00 0 
6bec6000-6bedb000 rw-p 00000000 00:00 0 
6bedb000-6c016000 rw-p 00000000 00:00 0 
6c016000-6c022000 rw-p 00000000 00:00 0 
6c022000-6c0bf000 rw-p 00000000 00:00 0 
6c0bf000-6d0c0000 rw-p 00000000 00:00 0 
6d0c0000-740c0000 rw-p 00000000 00:00 0 
740c0000-76ac0000 rw-p 00000000 00:00 0 
76ac0000-9e200000 rw-p 00000000 00:00 0 
9e200000-9f700000 rw-p 00000000 00:00 0 
9f700000-b32c0000 rw-p 00000000 00:00 0 
b32d4000-b32f8000 rw-p 00000000 00:00 0 
b32f8000-b33af000 rw-p 00000000 00:00 0 
b33af000-b35ef000 rwxp 00000000 00:00 0 
b35ef000-b63af000 rw-p 00000000 00:00 0 
b63af000-b63ba000 r-xp 00000000 08:04 1191679    /lib/i386-linux-gnu/libnss_files-2.19.so
b63ba000-b63bb000 r--p 0000a000 08:04 1191679    /lib/i386-linux-gnu/libnss_files-2.19.so
b63bb000-b63bc000 rw-p 0000b000 08:04 1191679    /lib/i386-linux-gnu/libnss_files-2.19.so
b63bc000-b63c6000 r-xp 00000000 08:04 1196034    /lib/i386-linux-gnu/libnss_nis-2.19.so
b63c6000-b63c7000 r--p 00009000 08:04 1196034    /lib/i386-linux-gnu/libnss_nis-2.19.so
b63c7000-b63c8000 rw-p 0000a000 08:04 1196034    /lib/i386-linux-gnu/libnss_nis-2.19.so
b63c8000-b63dd000 r-xp 00000000 08:04 1196025    /lib/i386-linux-gnu/libnsl-2.19.so
b63dd000-b63de000 r--p 00015000 08:04 1196025    /lib/i386-linux-gnu/libnsl-2.19.so
b63de000-b63df000 rw-p 00016000 08:04 1196025    /lib/i386-linux-gnu/libnsl-2.19.so
b63df000-b63e1000 rw-p 00000000 00:00 0 
b63f6000-b63fe000 r-xp 00000000 08:04 139579     /usr/lib/jvm/java-7-openjdk-i386/jre/lib/i386/libzip.so
b63fe000-b63ff000 r--p 00007000 08:04 139579     /usr/lib/jvm/java-7-openjdk-i386/jre/lib/i386/libzip.so
b63ff000-b6400000 rw-p 00008000 08:04 139579     /usr/lib/jvm/java-7-openjdk-i386/jre/lib/i386/libzip.so
b6400000-b6454000 rw-p 00000000 00:00 0 
b6454000-b6500000 ---p 00000000 00:00 0 
b6503000-b650b000 rw-s 00000000 08:04 286821     /tmp/hsperfdata_stefo/12011
b650b000-b6532000 r-xp 00000000 08:04 139578     /usr/lib/jvm/java-7-openjdk-i386/jre/lib/i386/libjava.so
b6532000-b6533000 r--p 00026000 08:04 139578     /usr/lib/jvm/java-7-openjdk-i386/jre/lib/i386/libjava.so
b6533000-b6534000 rw-p 00027000 08:04 139578     /usr/lib/jvm/java-7-openjdk-i386/jre/lib/i386/libjava.so
b6534000-b653b000 r-xp 00000000 08:04 1196022    /lib/i386-linux-gnu/librt-2.19.so
b653b000-b653c000 r--p 00006000 08:04 1196022    /lib/i386-linux-gnu/librt-2.19.so
b653c000-b653d000 rw-p 00007000 08:04 1196022    /lib/i386-linux-gnu/librt-2.19.so
b653d000-b6540000 ---p 00000000 00:00 0 
b6540000-b658e000 rw-p 00000000 00:00 0          [stack:12013]
b658e000-b65aa000 r-xp 00000000 08:04 1182940    /lib/i386-linux-gnu/libgcc_s.so.1
b65aa000-b65ab000 rw-p 0001b000 08:04 1182940    /lib/i386-linux-gnu/libgcc_s.so.1
b65ab000-b65ef000 r-xp 00000000 08:04 1196029    /lib/i386-linux-gnu/libm-2.19.so
b65ef000-b65f0000 r--p 00043000 08:04 1196029    /lib/i386-linux-gnu/libm-2.19.so
b65f0000-b65f1000 rw-p 00044000 08:04 1196029    /lib/i386-linux-gnu/libm-2.19.so
b65f1000-b66cd000 r-xp 00000000 08:04 3307790    /usr/lib/i386-linux-gnu/libstdc++.so.6.0.19
b66cd000-b66ce000 ---p 000dc000 08:04 3307790    /usr/lib/i386-linux-gnu/libstdc++.so.6.0.19
b66ce000-b66d2000 r--p 000dc000 08:04 3307790    /usr/lib/i386-linux-gnu/libstdc++.so.6.0.19
b66d2000-b66d3000 rw-p 000e0000 08:04 3307790    /usr/lib/i386-linux-gnu/libstdc++.so.6.0.19
b66d3000-b66da000 rw-p 00000000 00:00 0 
b66da000-b70c5000 r-xp 00000000 08:04 139596     /usr/lib/jvm/java-7-openjdk-i386/jre/lib/i386/server/libjvm.so
b70c5000-b70c6000 ---p 009eb000 08:04 139596     /usr/lib/jvm/java-7-openjdk-i386/jre/lib/i386/server/libjvm.so
b70c6000-b7118000 r--p 009eb000 08:04 139596     /usr/lib/jvm/java-7-openjdk-i386/jre/lib/i386/server/libjvm.so
b7118000-b712c000 rw-p 00a3d000 08:04 139596     /usr/lib/jvm/java-7-openjdk-i386/jre/lib/i386/server/libjvm.so
b712c000-b7549000 rw-p 00000000 00:00 0 
b7549000-b7561000 r-xp 00000000 08:04 1182943    /lib/i386-linux-gnu/libz.so.1.2.8
b7561000-b7562000 r--p 00017000 08:04 1182943    /lib/i386-linux-gnu/libz.so.1.2.8
b7562000-b7563000 rw-p 00018000 08:04 1182943    /lib/i386-linux-gnu/libz.so.1.2.8
b7563000-b7564000 rw-p 00000000 00:00 0 
b7564000-b757c000 r-xp 00000000 08:04 1196066    /lib/i386-linux-gnu/libpthread-2.19.so
b757c000-b757d000 r--p 00017000 08:04 1196066    /lib/i386-linux-gnu/libpthread-2.19.so
b757d000-b757e000 rw-p 00018000 08:04 1196066    /lib/i386-linux-gnu/libpthread-2.19.so
b757e000-b7580000 rw-p 00000000 00:00 0 
b7580000-b7583000 r-xp 00000000 08:04 1196071    /lib/i386-linux-gnu/libdl-2.19.so
b7583000-b7584000 r--p 00002000 08:04 1196071    /lib/i386-linux-gnu/libdl-2.19.so
b7584000-b7585000 rw-p 00003000 08:04 1196071    /lib/i386-linux-gnu/libdl-2.19.so
b7585000-b772e000 r-xp 00000000 08:04 1196044    /lib/i386-linux-gnu/libc-2.19.so
b772e000-b772f000 ---p 001a9000 08:04 1196044    /lib/i386-linux-gnu/libc-2.19.so
b772f000-b7731000 r--p 001a9000 08:04 1196044    /lib/i386-linux-gnu/libc-2.19.so
b7731000-b7732000 rw-p 001ab000 08:04 1196044    /lib/i386-linux-gnu/libc-2.19.so
b7732000-b7735000 rw-p 00000000 00:00 0 
b7739000-b7740000 r-xp 00000000 08:04 1196013    /lib/i386-linux-gnu/libnss_compat-2.19.so
b7740000-b7741000 r--p 00006000 08:04 1196013    /lib/i386-linux-gnu/libnss_compat-2.19.so
b7741000-b7742000 rw-p 00007000 08:04 1196013    /lib/i386-linux-gnu/libnss_compat-2.19.so
b7742000-b7743000 rw-p 00000000 00:00 0 
b7743000-b7744000 r--p 00000000 00:00 0 
b7744000-b7752000 r-xp 00000000 08:04 139606     /usr/lib/jvm/java-7-openjdk-i386/jre/lib/i386/libverify.so
b7752000-b7753000 r--p 0000d000 08:04 139606     /usr/lib/jvm/java-7-openjdk-i386/jre/lib/i386/libverify.so
b7753000-b7754000 rw-p 0000e000 08:04 139606     /usr/lib/jvm/java-7-openjdk-i386/jre/lib/i386/libverify.so
b7754000-b7760000 r-xp 00000000 08:04 139610     /usr/lib/jvm/java-7-openjdk-i386/jre/lib/i386/jli/libjli.so
b7760000-b7761000 r--p 0000c000 08:04 139610     /usr/lib/jvm/java-7-openjdk-i386/jre/lib/i386/jli/libjli.so
b7761000-b7762000 rw-p 0000d000 08:04 139610     /usr/lib/jvm/java-7-openjdk-i386/jre/lib/i386/jli/libjli.so
b7762000-b7765000 rw-p 00000000 00:00 0 
b7765000-b7766000 r-xp 00000000 00:00 0          [vdso]
b7766000-b7786000 r-xp 00000000 08:04 1196069    /lib/i386-linux-gnu/ld-2.19.so
b7786000-b7787000 r--p 0001f000 08:04 1196069    /lib/i386-linux-gnu/ld-2.19.so
b7787000-b7788000 rw-p 00020000 08:04 1196069    /lib/i386-linux-gnu/ld-2.19.so
bf8fb000-bf8fc000 rwxp 00000000 00:00 0 
bf92e000-bf94f000 rw-p 00000000 00:00 0          [stack]

VM Arguments:
jvm_args: -Dfile.encoding=UTF-8 -Xbootclasspath:/home/stefo/Desktop/adt-bundle-linux-x86-20140702/sdk/platforms/android-17/android.jar 
java_command: org.elsys.NeuralNet.Statistic
Launcher Type: SUN_STANDARD

Environment Variables:
PATH=/usr/local/sbin:/usr/local/bin:/usr/sbin:/usr/bin:/sbin:/bin:/usr/games:/usr/local/games
LD_LIBRARY_PATH=/usr/lib/jvm/java-7-openjdk-i386/jre/lib/i386/server:/usr/lib/jvm/java-7-openjdk-i386/jre/lib/i386:/usr/lib/jvm/java-7-openjdk-i386/jre/../lib/i386:/usr/lib/jvm/java-7-openjdk-i386/jre/lib/i386/client:/usr/lib/jvm/java-7-openjdk-i386/jre/lib/i386:
SHELL=/bin/bash
DISPLAY=:0.0

Signal Handlers:
SIGSEGV: [libjvm.so+0x80a5e0], sa_mask[0]=0x7ffbfeff, sa_flags=0x10000004
SIGBUS: [libjvm.so+0x80a5e0], sa_mask[0]=0x7ffbfeff, sa_flags=0x10000004
SIGFPE: [libjvm.so+0x6844f0], sa_mask[0]=0x7ffbfeff, sa_flags=0x10000004
SIGPIPE: [libjvm.so+0x6844f0], sa_mask[0]=0x7ffbfeff, sa_flags=0x10000004
SIGXFSZ: [libjvm.so+0x6844f0], sa_mask[0]=0x7ffbfeff, sa_flags=0x10000004
SIGILL: [libjvm.so+0x6844f0], sa_mask[0]=0x7ffbfeff, sa_flags=0x10000004
SIGUSR1: SIG_DFL, sa_mask[0]=0x00000000, sa_flags=0x00000000
SIGUSR2: [libjvm.so+0x684380], sa_mask[0]=0x00000004, sa_flags=0x10000004
SIGHUP: SIG_DFL, sa_mask[0]=0x00000000, sa_flags=0x00000000
SIGINT: SIG_DFL, sa_mask[0]=0x00000000, sa_flags=0x00000000
SIGTERM: SIG_DFL, sa_mask[0]=0x00000000, sa_flags=0x00000000
SIGQUIT: SIG_DFL, sa_mask[0]=0x00000000, sa_flags=0x00000000
SIGTRAP: SIG_DFL, sa_mask[0]=0x00000000, sa_flags=0x00000000


---------------  S Y S T E M  ---------------

OS:Ubuntu 14.04 (trusty)
uname:Linux 3.13.0-39-generic #66-Ubuntu SMP Tue Oct 28 13:31:23 UTC 2014 i686
libc:glibc 2.19 NPTL 2.19 
rlimit: STACK 8192k, CORE 0k, NPROC 32157, NOFILE 4096, AS infinity
load average:0.61 0.66 0.69

/proc/meminfo:
MemTotal:        4135352 kB
MemFree:          770728 kB
Buffers:          257680 kB
Cached:          1053484 kB
SwapCached:            0 kB
Active:          2476436 kB
Inactive:         696408 kB
Active(anon):    1863720 kB
Inactive(anon):    86308 kB
Active(file):     612716 kB
Inactive(file):   610100 kB
Unevictable:         348 kB
Mlocked:             348 kB
HighTotal:       3280552 kB
HighFree:         585164 kB
LowTotal:         854800 kB
LowFree:          185564 kB
SwapTotal:             0 kB
SwapFree:              0 kB
Dirty:               188 kB
Writeback:             0 kB
AnonPages:       1862164 kB
Mapped:           331604 kB
Shmem:             88196 kB
Slab:             137844 kB
SReclaimable:     116756 kB
SUnreclaim:        21088 kB
KernelStack:        4664 kB
PageTables:        16560 kB
NFS_Unstable:          0 kB
Bounce:                0 kB
WritebackTmp:          0 kB
CommitLimit:     2067676 kB
Committed_AS:    6008200 kB
VmallocTotal:     122880 kB
VmallocUsed:       61216 kB
VmallocChunk:      33960 kB
HardwareCorrupted:     0 kB
AnonHugePages:   1107968 kB
HugePages_Total:       0
HugePages_Free:        0
HugePages_Rsvd:        0
HugePages_Surp:        0
Hugepagesize:       2048 kB
DirectMap4k:       22520 kB
DirectMap2M:      890880 kB


CPU:total 2 (2 cores per cpu, 1 threads per core) family 6 model 15 stepping 13, cmov, cx8, fxsr, mmx, sse, sse2, sse3, ssse3, tsc

/proc/cpuinfo:
processor	: 0
vendor_id	: GenuineIntel
cpu family	: 6
model		: 15
model name	: Intel(R) Core(TM)2 Duo CPU     T5900  @ 2.20GHz
stepping	: 13
microcode	: 0xa3
cpu MHz		: 2200.000
cache size	: 2048 KB
physical id	: 0
siblings	: 2
core id		: 0
cpu cores	: 2
apicid		: 0
initial apicid	: 0
fdiv_bug	: no
f00f_bug	: no
coma_bug	: no
fpu		: yes
fpu_exception	: yes
cpuid level	: 10
wp		: yes
flags		: fpu vme de pse tsc msr pae mce cx8 apic sep mtrr pge mca cmov pat pse36 clflush dts acpi mmx fxsr sse sse2 ss ht tm pbe nx lm constant_tsc arch_perfmon pebs bts aperfmperf pni dtes64 monitor ds_cpl est tm2 ssse3 cx16 xtpr pdcm lahf_lm dtherm
bogomips	: 4399.96
clflush size	: 64
cache_alignment	: 64
address sizes	: 36 bits physical, 48 bits virtual
power management:

processor	: 1
vendor_id	: GenuineIntel
cpu family	: 6
model		: 15
model name	: Intel(R) Core(TM)2 Duo CPU     T5900  @ 2.20GHz
stepping	: 13
microcode	: 0xa3
cpu MHz		: 2200.000
cache size	: 2048 KB
physical id	: 0
siblings	: 2
core id		: 1
cpu cores	: 2
apicid		: 1
initial apicid	: 1
fdiv_bug	: no
f00f_bug	: no
coma_bug	: no
fpu		: yes
fpu_exception	: yes
cpuid level	: 10
wp		: yes
flags		: fpu vme de pse tsc msr pae mce cx8 apic sep mtrr pge mca cmov pat pse36 clflush dts acpi mmx fxsr sse sse2 ss ht tm pbe nx lm constant_tsc arch_perfmon pebs bts aperfmperf pni dtes64 monitor ds_cpl est tm2 ssse3 cx16 xtpr pdcm lahf_lm dtherm
bogomips	: 4399.96
clflush size	: 64
cache_alignment	: 64
address sizes	: 36 bits physical, 48 bits virtual
power management:



Memory: 4k page, physical 4135352k(770728k free), swap 0k(0k free)

vm_info: OpenJDK Server VM (24.65-b04) for linux-x86 JRE (1.7.0_65-b32), built on Oct 22 2014 04:44:59 by "buildd" with gcc 4.8.2

time: Sat Feb 14 16:46:26 2015
elapsed time: 0 seconds

