#
# A fatal error has been detected by the Java Runtime Environment:
#
#  Internal Error (javaClasses.cpp:139), pid=12051, tid=3059030848
#  fatal error: Invalid layout of preloaded class
#
# JRE version:  (7.0_65-b32) (build )
# Java VM: OpenJDK Server VM (24.65-b04 mixed mode linux-x86 )
# Derivative: IcedTea 2.5.3
# Distribution: Ubuntu 14.04 LTS, package 7u71-2.5.3-0ubuntu0.14.04.1
# Failed to write core dump. Core dumps have been disabled. To enable core dumping, try "ulimit -c unlimited" before starting Java again
#
# If you would like to submit a bug report, please include
# instructions on how to reproduce the bug and visit:
#   http://icedtea.classpath.org/bugzilla
#

---------------  T H R E A D  ---------------

Current thread (0xb6407c00):  JavaThread "Unknown thread" [_thread_in_vm, id=12056, stack(0xb6501000,0xb6552000)]

Stack: [0xb6501000,0xb6552000]

---------------  P R O C E S S  ---------------

Java Threads: ( => current thread )

Other Threads:

=>0xb6407c00 (exited) JavaThread "Unknown thread" [_thread_in_vm, id=12056, stack(0xb6501000,0xb6552000)]

VM state:not at safepoint (not fully initialized)

VM Mutex/Monitor currently owned by a thread: None

GC Heap History (0 events):
No events

Deoptimization events (0 events):
No events

Internal exceptions (0 events):
No events

Events (10 events):
Event: 0.014 loading class 0x6ba24670 done
Event: 0.015 loading class 0x6ba24100 done
Event: 0.016 loading class 0x6ba240e0
Event: 0.016 loading class 0x6ba2b3b8
Event: 0.016 loading class 0x6ba2b3b8 done
Event: 0.016 loading class 0x6ba2b3e8
Event: 0.016 loading class 0x6ba2b3e8 done
Event: 0.016 loading class 0x6ba2b418
Event: 0.016 loading class 0x6ba2b418 done
Event: 0.016 loading class 0x6ba240e0 done


Dynamic libraries:
08048000-08049000 r-xp 00000000 08:04 666900     /usr/lib/jvm/java-7-openjdk-i386/jre/bin/java
08049000-0804a000 r--p 00000000 08:04 666900     /usr/lib/jvm/java-7-openjdk-i386/jre/bin/java
0804a000-0804b000 rw-p 00001000 08:04 666900     /usr/lib/jvm/java-7-openjdk-i386/jre/bin/java
08954000-08975000 rw-p 00000000 00:00 0          [heap]
69038000-690fe000 r--s 0116f000 08:04 2774855    /home/stefo/Desktop/adt-bundle-linux-x86-20140702/sdk/platforms/android-17/android.jar
690fe000-6b900000 rw-p 00000000 00:00 0 
6b900000-6b921000 rw-p 00000000 00:00 0 
6b921000-6ba00000 ---p 00000000 00:00 0 
6ba24000-6ba7f000 rw-p 00000000 00:00 0 
6ba7f000-6ba80000 ---p 00000000 00:00 0 
6ba80000-6bb00000 rw-p 00000000 00:00 0          [stack:12058]
6bb00000-6bb21000 rw-p 00000000 00:00 0 
6bb21000-6bc00000 ---p 00000000 00:00 0 
6bc10000-6bc34000 rw-p 00000000 00:00 0 
6bc34000-6bc35000 ---p 00000000 00:00 0 
6bc35000-6bcbd000 rw-p 00000000 00:00 0          [stack:12057]
6bcbd000-6bcf5000 rw-p 00000000 00:00 0 
6bcf5000-6bd0a000 rw-p 00000000 00:00 0 
6bd0a000-6be46000 rw-p 00000000 00:00 0 
6be46000-6be4e000 rw-p 00000000 00:00 0 
6be4e000-6be86000 rw-p 00000000 00:00 0 
6be86000-6be9b000 rw-p 00000000 00:00 0 
6be9b000-6bfd6000 rw-p 00000000 00:00 0 
6bfd6000-6bfe2000 rw-p 00000000 00:00 0 
6bfe2000-6c07f000 rw-p 00000000 00:00 0 
6c07f000-6d080000 rw-p 00000000 00:00 0 
6d080000-74080000 rw-p 00000000 00:00 0 
74080000-76a80000 rw-p 00000000 00:00 0 
76a80000-9e1c0000 rw-p 00000000 00:00 0 
9e1c0000-9f6c0000 rw-p 00000000 00:00 0 
9f6c0000-b3280000 rw-p 00000000 00:00 0 
b32a2000-b32c6000 rw-p 00000000 00:00 0 
b32c6000-b337d000 rw-p 00000000 00:00 0 
b337d000-b35bd000 rwxp 00000000 00:00 0 
b35bd000-b637d000 rw-p 00000000 00:00 0 
b637d000-b6388000 r-xp 00000000 08:04 1191679    /lib/i386-linux-gnu/libnss_files-2.19.so
b6388000-b6389000 r--p 0000a000 08:04 1191679    /lib/i386-linux-gnu/libnss_files-2.19.so
b6389000-b638a000 rw-p 0000b000 08:04 1191679    /lib/i386-linux-gnu/libnss_files-2.19.so
b638a000-b6394000 r-xp 00000000 08:04 1196034    /lib/i386-linux-gnu/libnss_nis-2.19.so
b6394000-b6395000 r--p 00009000 08:04 1196034    /lib/i386-linux-gnu/libnss_nis-2.19.so
b6395000-b6396000 rw-p 0000a000 08:04 1196034    /lib/i386-linux-gnu/libnss_nis-2.19.so
b6396000-b63ab000 r-xp 00000000 08:04 1196025    /lib/i386-linux-gnu/libnsl-2.19.so
b63ab000-b63ac000 r--p 00015000 08:04 1196025    /lib/i386-linux-gnu/libnsl-2.19.so
b63ac000-b63ad000 rw-p 00016000 08:04 1196025    /lib/i386-linux-gnu/libnsl-2.19.so
b63ad000-b63af000 rw-p 00000000 00:00 0 
b63bc000-b63c4000 r-xp 00000000 08:04 139579     /usr/lib/jvm/java-7-openjdk-i386/jre/lib/i386/libzip.so
b63c4000-b63c5000 r--p 00007000 08:04 139579     /usr/lib/jvm/java-7-openjdk-i386/jre/lib/i386/libzip.so
b63c5000-b63c6000 rw-p 00008000 08:04 139579     /usr/lib/jvm/java-7-openjdk-i386/jre/lib/i386/libzip.so
b63c6000-b63ce000 rw-s 00000000 08:04 286822     /tmp/hsperfdata_stefo/12051
b63ce000-b63f5000 r-xp 00000000 08:04 139578     /usr/lib/jvm/java-7-openjdk-i386/jre/lib/i386/libjava.so
b63f5000-b63f6000 r--p 00026000 08:04 139578     /usr/lib/jvm/java-7-openjdk-i386/jre/lib/i386/libjava.so
b63f6000-b63f7000 rw-p 00027000 08:04 139578     /usr/lib/jvm/java-7-openjdk-i386/jre/lib/i386/libjava.so
b63f7000-b63fe000 r-xp 00000000 08:04 1196022    /lib/i386-linux-gnu/librt-2.19.so
b63fe000-b63ff000 r--p 00006000 08:04 1196022    /lib/i386-linux-gnu/librt-2.19.so
b63ff000-b6400000 rw-p 00007000 08:04 1196022    /lib/i386-linux-gnu/librt-2.19.so
b6400000-b6454000 rw-p 00000000 00:00 0 
b6454000-b6500000 ---p 00000000 00:00 0 
b6501000-b6504000 ---p 00000000 00:00 0 
b6504000-b6552000 rw-p 00000000 00:00 0          [stack:12056]
b6552000-b656e000 r-xp 00000000 08:04 1182940    /lib/i386-linux-gnu/libgcc_s.so.1
b656e000-b656f000 rw-p 0001b000 08:04 1182940    /lib/i386-linux-gnu/libgcc_s.so.1
b656f000-b65b3000 r-xp 00000000 08:04 1196029    /lib/i386-linux-gnu/libm-2.19.so
b65b3000-b65b4000 r--p 00043000 08:04 1196029    /lib/i386-linux-gnu/libm-2.19.so
b65b4000-b65b5000 rw-p 00044000 08:04 1196029    /lib/i386-linux-gnu/libm-2.19.so
b65b5000-b6691000 r-xp 00000000 08:04 3307790    /usr/lib/i386-linux-gnu/libstdc++.so.6.0.19
b6691000-b6692000 ---p 000dc000 08:04 3307790    /usr/lib/i386-linux-gnu/libstdc++.so.6.0.19
b6692000-b6696000 r--p 000dc000 08:04 3307790    /usr/lib/i386-linux-gnu/libstdc++.so.6.0.19
b6696000-b6697000 rw-p 000e0000 08:04 3307790    /usr/lib/i386-linux-gnu/libstdc++.so.6.0.19
b6697000-b669e000 rw-p 00000000 00:00 0 
b669e000-b7089000 r-xp 00000000 08:04 139596     /usr/lib/jvm/java-7-openjdk-i386/jre/lib/i386/server/libjvm.so
b7089000-b708a000 ---p 009eb000 08:04 139596     /usr/lib/jvm/java-7-openjdk-i386/jre/lib/i386/server/libjvm.so
b708a000-b70dc000 r--p 009eb000 08:04 139596     /usr/lib/jvm/java-7-openjdk-i386/jre/lib/i386/server/libjvm.so
b70dc000-b70f0000 rw-p 00a3d000 08:04 139596     /usr/lib/jvm/java-7-openjdk-i386/jre/lib/i386/server/libjvm.so
b70f0000-b750d000 rw-p 00000000 00:00 0 
b750d000-b7525000 r-xp 00000000 08:04 1182943    /lib/i386-linux-gnu/libz.so.1.2.8
b7525000-b7526000 r--p 00017000 08:04 1182943    /lib/i386-linux-gnu/libz.so.1.2.8
b7526000-b7527000 rw-p 00018000 08:04 1182943    /lib/i386-linux-gnu/libz.so.1.2.8
b7527000-b7528000 rw-p 00000000 00:00 0 
b7528000-b7540000 r-xp 00000000 08:04 1196066    /lib/i386-linux-gnu/libpthread-2.19.so
b7540000-b7541000 r--p 00017000 08:04 1196066    /lib/i386-linux-gnu/libpthread-2.19.so
b7541000-b7542000 rw-p 00018000 08:04 1196066    /lib/i386-linux-gnu/libpthread-2.19.so
b7542000-b7544000 rw-p 00000000 00:00 0 
b7544000-b7547000 r-xp 00000000 08:04 1196071    /lib/i386-linux-gnu/libdl-2.19.so
b7547000-b7548000 r--p 00002000 08:04 1196071    /lib/i386-linux-gnu/libdl-2.19.so
b7548000-b7549000 rw-p 00003000 08:04 1196071    /lib/i386-linux-gnu/libdl-2.19.so
b7549000-b76f2000 r-xp 00000000 08:04 1196044    /lib/i386-linux-gnu/libc-2.19.so
b76f2000-b76f3000 ---p 001a9000 08:04 1196044    /lib/i386-linux-gnu/libc-2.19.so
b76f3000-b76f5000 r--p 001a9000 08:04 1196044    /lib/i386-linux-gnu/libc-2.19.so
b76f5000-b76f6000 rw-p 001ab000 08:04 1196044    /lib/i386-linux-gnu/libc-2.19.so
b76f6000-b76f9000 rw-p 00000000 00:00 0 
b76fd000-b7704000 r-xp 00000000 08:04 1196013    /lib/i386-linux-gnu/libnss_compat-2.19.so
b7704000-b7705000 r--p 00006000 08:04 1196013    /lib/i386-linux-gnu/libnss_compat-2.19.so
b7705000-b7706000 rw-p 00007000 08:04 1196013    /lib/i386-linux-gnu/libnss_compat-2.19.so
b7706000-b7707000 rw-p 00000000 00:00 0 
b7707000-b7708000 r--p 00000000 00:00 0 
b7708000-b7716000 r-xp 00000000 08:04 139606     /usr/lib/jvm/java-7-openjdk-i386/jre/lib/i386/libverify.so
b7716000-b7717000 r--p 0000d000 08:04 139606     /usr/lib/jvm/java-7-openjdk-i386/jre/lib/i386/libverify.so
b7717000-b7718000 rw-p 0000e000 08:04 139606     /usr/lib/jvm/java-7-openjdk-i386/jre/lib/i386/libverify.so
b7718000-b7724000 r-xp 00000000 08:04 139610     /usr/lib/jvm/java-7-openjdk-i386/jre/lib/i386/jli/libjli.so
b7724000-b7725000 r--p 0000c000 08:04 139610     /usr/lib/jvm/java-7-openjdk-i386/jre/lib/i386/jli/libjli.so
b7725000-b7726000 rw-p 0000d000 08:04 139610     /usr/lib/jvm/java-7-openjdk-i386/jre/lib/i386/jli/libjli.so
b7726000-b7729000 rw-p 00000000 00:00 0 
b7729000-b772a000 r-xp 00000000 00:00 0          [vdso]
b772a000-b774a000 r-xp 00000000 08:04 1196069    /lib/i386-linux-gnu/ld-2.19.so
b774a000-b774b000 r--p 0001f000 08:04 1196069    /lib/i386-linux-gnu/ld-2.19.so
b774b000-b774c000 rw-p 00020000 08:04 1196069    /lib/i386-linux-gnu/ld-2.19.so
bfccb000-bfccc000 rwxp 00000000 00:00 0 
bfcfe000-bfd1f000 rw-p 00000000 00:00 0          [stack]

VM Arguments:
jvm_args: -Dfile.encoding=UTF-8 -Xbootclasspath:/home/stefo/Desktop/adt-bundle-linux-x86-20140702/sdk/platforms/android-17/android.jar 
java_command: org.elsys.NeuralNet.Statistic
Launcher Type: SUN_STANDARD

Environment Variables:
PATH=/usr/local/sbin:/usr/local/bin:/usr/sbin:/usr/bin:/sbin:/bin:/usr/games:/usr/local/games
LD_LIBRARY_PATH=/usr/lib/jvm/java-7-openjdk-i386/jre/lib/i386/server:/usr/lib/jvm/java-7-openjdk-i386/jre/lib/i386:/usr/lib/jvm/java-7-openjdk-i386/jre/../lib/i386:/usr/lib/jvm/java-7-openjdk-i386/jre/lib/i386/client:/usr/lib/jvm/java-7-openjdk-i386/jre/lib/i386:
SHELL=/bin/bash
DISPLAY=:0.0

Signal Handlers:
SIGSEGV: [libjvm.so+0x80a5e0], sa_mask[0]=0x7ffbfeff, sa_flags=0x10000004
SIGBUS: [libjvm.so+0x80a5e0], sa_mask[0]=0x7ffbfeff, sa_flags=0x10000004
SIGFPE: [libjvm.so+0x6844f0], sa_mask[0]=0x7ffbfeff, sa_flags=0x10000004
SIGPIPE: [libjvm.so+0x6844f0], sa_mask[0]=0x7ffbfeff, sa_flags=0x10000004
SIGXFSZ: [libjvm.so+0x6844f0], sa_mask[0]=0x7ffbfeff, sa_flags=0x10000004
SIGILL: [libjvm.so+0x6844f0], sa_mask[0]=0x7ffbfeff, sa_flags=0x10000004
SIGUSR1: SIG_DFL, sa_mask[0]=0x00000000, sa_flags=0x00000000
SIGUSR2: [libjvm.so+0x684380], sa_mask[0]=0x00000004, sa_flags=0x10000004
SIGHUP: SIG_DFL, sa_mask[0]=0x00000000, sa_flags=0x00000000
SIGINT: SIG_DFL, sa_mask[0]=0x00000000, sa_flags=0x00000000
SIGTERM: SIG_DFL, sa_mask[0]=0x00000000, sa_flags=0x00000000
SIGQUIT: SIG_DFL, sa_mask[0]=0x00000000, sa_flags=0x00000000
SIGTRAP: SIG_DFL, sa_mask[0]=0x00000000, sa_flags=0x00000000


---------------  S Y S T E M  ---------------

OS:Ubuntu 14.04 (trusty)
uname:Linux 3.13.0-39-generic #66-Ubuntu SMP Tue Oct 28 13:31:23 UTC 2014 i686
libc:glibc 2.19 NPTL 2.19 
rlimit: STACK 8192k, CORE 0k, NPROC 32157, NOFILE 4096, AS infinity
load average:0.82 0.71 0.71

/proc/meminfo:
MemTotal:        4135352 kB
MemFree:          768772 kB
Buffers:          257768 kB
Cached:          1053448 kB
SwapCached:            0 kB
Active:          2477936 kB
Inactive:         696428 kB
Active(anon):    1865036 kB
Inactive(anon):    86308 kB
Active(file):     612900 kB
Inactive(file):   610120 kB
Unevictable:         348 kB
Mlocked:             348 kB
HighTotal:       3280552 kB
HighFree:         584688 kB
LowTotal:         854800 kB
LowFree:          184084 kB
SwapTotal:             0 kB
SwapFree:              0 kB
Dirty:               232 kB
Writeback:             0 kB
AnonPages:       1863496 kB
Mapped:           334732 kB
Shmem:             88196 kB
Slab:             137824 kB
SReclaimable:     116756 kB
SUnreclaim:        21068 kB
KernelStack:        4688 kB
PageTables:        16568 kB
NFS_Unstable:          0 kB
Bounce:                0 kB
WritebackTmp:          0 kB
CommitLimit:     2067676 kB
Committed_AS:    6006164 kB
VmallocTotal:     122880 kB
VmallocUsed:       61216 kB
VmallocChunk:      33960 kB
HardwareCorrupted:     0 kB
AnonHugePages:   1110016 kB
HugePages_Total:       0
HugePages_Free:        0
HugePages_Rsvd:        0
HugePages_Surp:        0
Hugepagesize:       2048 kB
DirectMap4k:       22520 kB
DirectMap2M:      890880 kB


CPU:total 2 (2 cores per cpu, 1 threads per core) family 6 model 15 stepping 13, cmov, cx8, fxsr, mmx, sse, sse2, sse3, ssse3, tsc

/proc/cpuinfo:
processor	: 0
vendor_id	: GenuineIntel
cpu family	: 6
model		: 15
model name	: Intel(R) Core(TM)2 Duo CPU     T5900  @ 2.20GHz
stepping	: 13
microcode	: 0xa3
cpu MHz		: 2200.000
cache size	: 2048 KB
physical id	: 0
siblings	: 2
core id		: 0
cpu cores	: 2
apicid		: 0
initial apicid	: 0
fdiv_bug	: no
f00f_bug	: no
coma_bug	: no
fpu		: yes
fpu_exception	: yes
cpuid level	: 10
wp		: yes
flags		: fpu vme de pse tsc msr pae mce cx8 apic sep mtrr pge mca cmov pat pse36 clflush dts acpi mmx fxsr sse sse2 ss ht tm pbe nx lm constant_tsc arch_perfmon pebs bts aperfmperf pni dtes64 monitor ds_cpl est tm2 ssse3 cx16 xtpr pdcm lahf_lm dtherm
bogomips	: 4399.96
clflush size	: 64
cache_alignment	: 64
address sizes	: 36 bits physical, 48 bits virtual
power management:

processor	: 1
vendor_id	: GenuineIntel
cpu family	: 6
model		: 15
model name	: Intel(R) Core(TM)2 Duo CPU     T5900  @ 2.20GHz
stepping	: 13
microcode	: 0xa3
cpu MHz		: 2200.000
cache size	: 2048 KB
physical id	: 0
siblings	: 2
core id		: 1
cpu cores	: 2
apicid		: 1
initial apicid	: 1
fdiv_bug	: no
f00f_bug	: no
coma_bug	: no
fpu		: yes
fpu_exception	: yes
cpuid level	: 10
wp		: yes
flags		: fpu vme de pse tsc msr pae mce cx8 apic sep mtrr pge mca cmov pat pse36 clflush dts acpi mmx fxsr sse sse2 ss ht tm pbe nx lm constant_tsc arch_perfmon pebs bts aperfmperf pni dtes64 monitor ds_cpl est tm2 ssse3 cx16 xtpr pdcm lahf_lm dtherm
bogomips	: 4399.96
clflush size	: 64
cache_alignment	: 64
address sizes	: 36 bits physical, 48 bits virtual
power management:



Memory: 4k page, physical 4135352k(768772k free), swap 0k(0k free)

vm_info: OpenJDK Server VM (24.65-b04) for linux-x86 JRE (1.7.0_65-b32), built on Oct 22 2014 04:44:59 by "buildd" with gcc 4.8.2

time: Sat Feb 14 16:47:16 2015
elapsed time: 0 seconds

