#
# A fatal error has been detected by the Java Runtime Environment:
#
#  Internal Error (javaClasses.cpp:139), pid=25157, tid=3059338048
#  fatal error: Invalid layout of preloaded class
#
# JRE version:  (7.0_65-b32) (build )
# Java VM: OpenJDK Server VM (24.65-b04 mixed mode linux-x86 )
# Derivative: IcedTea 2.5.3
# Distribution: Ubuntu 14.04 LTS, package 7u71-2.5.3-0ubuntu0.14.04.1
# Failed to write core dump. Core dumps have been disabled. To enable core dumping, try "ulimit -c unlimited" before starting Java again
#
# If you would like to submit a bug report, please include
# instructions on how to reproduce the bug and visit:
#   http://icedtea.classpath.org/bugzilla
#

---------------  T H R E A D  ---------------

Current thread (0xb6407c00):  JavaThread "Unknown thread" [_thread_in_vm, id=25163, stack(0xb654c000,0xb659d000)]

Stack: [0xb654c000,0xb659d000]

---------------  P R O C E S S  ---------------

Java Threads: ( => current thread )

Other Threads:

=>0xb6407c00 (exited) JavaThread "Unknown thread" [_thread_in_vm, id=25163, stack(0xb654c000,0xb659d000)]

VM state:not at safepoint (not fully initialized)

VM Mutex/Monitor currently owned by a thread: None

GC Heap History (0 events):
No events

Deoptimization events (0 events):
No events

Internal exceptions (0 events):
No events

Events (10 events):
Event: 0.515 loading class 0x6baa5670 done
Event: 0.516 loading class 0x6baa5100 done
Event: 0.516 loading class 0x6baa50e0
Event: 0.516 loading class 0x6baac3b8
Event: 0.516 loading class 0x6baac3b8 done
Event: 0.516 loading class 0x6baac3e8
Event: 0.516 loading class 0x6baac3e8 done
Event: 0.516 loading class 0x6baac418
Event: 0.516 loading class 0x6baac418 done
Event: 0.516 loading class 0x6baa50e0 done


Dynamic libraries:
08048000-08049000 r-xp 00000000 08:04 666900     /usr/lib/jvm/java-7-openjdk-i386/jre/bin/java
08049000-0804a000 r--p 00000000 08:04 666900     /usr/lib/jvm/java-7-openjdk-i386/jre/bin/java
0804a000-0804b000 rw-p 00001000 08:04 666900     /usr/lib/jvm/java-7-openjdk-i386/jre/bin/java
09b4f000-09b70000 rw-p 00000000 00:00 0          [heap]
69038000-690fe000 r--s 0116f000 08:04 2774855    /home/stefo/Desktop/adt-bundle-linux-x86-20140702/sdk/platforms/android-17/android.jar
690fe000-6b900000 rw-p 00000000 00:00 0 
6b900000-6b921000 rw-p 00000000 00:00 0 
6b921000-6ba00000 ---p 00000000 00:00 0 
6ba81000-6bb00000 rw-p 00000000 00:00 0 
6bb00000-6bb21000 rw-p 00000000 00:00 0 
6bb21000-6bc00000 ---p 00000000 00:00 0 
6bc18000-6bc33000 rw-p 00000000 00:00 0 
6bc33000-6bc34000 ---p 00000000 00:00 0 
6bc34000-6bcb4000 rw-p 00000000 00:00 0          [stack:25165]
6bcb4000-6bcb5000 ---p 00000000 00:00 0 
6bcb5000-6bd3d000 rw-p 00000000 00:00 0          [stack:25164]
6bd3d000-6bd75000 rw-p 00000000 00:00 0 
6bd75000-6bd8a000 rw-p 00000000 00:00 0 
6bd8a000-6bec6000 rw-p 00000000 00:00 0 
6bec6000-6bece000 rw-p 00000000 00:00 0 
6bece000-6bf06000 rw-p 00000000 00:00 0 
6bf06000-6bf1b000 rw-p 00000000 00:00 0 
6bf1b000-6c056000 rw-p 00000000 00:00 0 
6c056000-6c062000 rw-p 00000000 00:00 0 
6c062000-6c0ff000 rw-p 00000000 00:00 0 
6c0ff000-6d100000 rw-p 00000000 00:00 0 
6d100000-74100000 rw-p 00000000 00:00 0 
74100000-76b00000 rw-p 00000000 00:00 0 
76b00000-9e240000 rw-p 00000000 00:00 0 
9e240000-9f740000 rw-p 00000000 00:00 0 
9f740000-b3300000 rw-p 00000000 00:00 0 
b3308000-b3311000 rw-p 00000000 00:00 0 
b3311000-b33c8000 rw-p 00000000 00:00 0 
b33c8000-b3608000 rwxp 00000000 00:00 0 
b3608000-b63c8000 rw-p 00000000 00:00 0 
b63c8000-b63d3000 r-xp 00000000 08:04 1191679    /lib/i386-linux-gnu/libnss_files-2.19.so
b63d3000-b63d4000 r--p 0000a000 08:04 1191679    /lib/i386-linux-gnu/libnss_files-2.19.so
b63d4000-b63d5000 rw-p 0000b000 08:04 1191679    /lib/i386-linux-gnu/libnss_files-2.19.so
b63d5000-b63df000 r-xp 00000000 08:04 1196034    /lib/i386-linux-gnu/libnss_nis-2.19.so
b63df000-b63e0000 r--p 00009000 08:04 1196034    /lib/i386-linux-gnu/libnss_nis-2.19.so
b63e0000-b63e1000 rw-p 0000a000 08:04 1196034    /lib/i386-linux-gnu/libnss_nis-2.19.so
b63ee000-b63f6000 r-xp 00000000 08:04 139579     /usr/lib/jvm/java-7-openjdk-i386/jre/lib/i386/libzip.so
b63f6000-b63f7000 r--p 00007000 08:04 139579     /usr/lib/jvm/java-7-openjdk-i386/jre/lib/i386/libzip.so
b63f7000-b63f8000 rw-p 00008000 08:04 139579     /usr/lib/jvm/java-7-openjdk-i386/jre/lib/i386/libzip.so
b63f8000-b6400000 rw-s 00000000 08:04 289876     /tmp/hsperfdata_stefo/25157
b6400000-b6454000 rw-p 00000000 00:00 0 
b6454000-b6500000 ---p 00000000 00:00 0 
b6501000-b6516000 r-xp 00000000 08:04 1196025    /lib/i386-linux-gnu/libnsl-2.19.so
b6516000-b6517000 r--p 00015000 08:04 1196025    /lib/i386-linux-gnu/libnsl-2.19.so
b6517000-b6518000 rw-p 00016000 08:04 1196025    /lib/i386-linux-gnu/libnsl-2.19.so
b6518000-b651a000 rw-p 00000000 00:00 0 
b651a000-b6541000 r-xp 00000000 08:04 139578     /usr/lib/jvm/java-7-openjdk-i386/jre/lib/i386/libjava.so
b6541000-b6542000 r--p 00026000 08:04 139578     /usr/lib/jvm/java-7-openjdk-i386/jre/lib/i386/libjava.so
b6542000-b6543000 rw-p 00027000 08:04 139578     /usr/lib/jvm/java-7-openjdk-i386/jre/lib/i386/libjava.so
b6543000-b654a000 r-xp 00000000 08:04 1196022    /lib/i386-linux-gnu/librt-2.19.so
b654a000-b654b000 r--p 00006000 08:04 1196022    /lib/i386-linux-gnu/librt-2.19.so
b654b000-b654c000 rw-p 00007000 08:04 1196022    /lib/i386-linux-gnu/librt-2.19.so
b654c000-b654f000 ---p 00000000 00:00 0 
b654f000-b659d000 rw-p 00000000 00:00 0          [stack:25163]
b659d000-b65b9000 r-xp 00000000 08:04 1182940    /lib/i386-linux-gnu/libgcc_s.so.1
b65b9000-b65ba000 rw-p 0001b000 08:04 1182940    /lib/i386-linux-gnu/libgcc_s.so.1
b65ba000-b65fe000 r-xp 00000000 08:04 1196029    /lib/i386-linux-gnu/libm-2.19.so
b65fe000-b65ff000 r--p 00043000 08:04 1196029    /lib/i386-linux-gnu/libm-2.19.so
b65ff000-b6600000 rw-p 00044000 08:04 1196029    /lib/i386-linux-gnu/libm-2.19.so
b6600000-b66dc000 r-xp 00000000 08:04 3307790    /usr/lib/i386-linux-gnu/libstdc++.so.6.0.19
b66dc000-b66dd000 ---p 000dc000 08:04 3307790    /usr/lib/i386-linux-gnu/libstdc++.so.6.0.19
b66dd000-b66e1000 r--p 000dc000 08:04 3307790    /usr/lib/i386-linux-gnu/libstdc++.so.6.0.19
b66e1000-b66e2000 rw-p 000e0000 08:04 3307790    /usr/lib/i386-linux-gnu/libstdc++.so.6.0.19
b66e2000-b66e9000 rw-p 00000000 00:00 0 
b66e9000-b70d4000 r-xp 00000000 08:04 139596     /usr/lib/jvm/java-7-openjdk-i386/jre/lib/i386/server/libjvm.so
b70d4000-b70d5000 ---p 009eb000 08:04 139596     /usr/lib/jvm/java-7-openjdk-i386/jre/lib/i386/server/libjvm.so
b70d5000-b7127000 r--p 009eb000 08:04 139596     /usr/lib/jvm/java-7-openjdk-i386/jre/lib/i386/server/libjvm.so
b7127000-b713b000 rw-p 00a3d000 08:04 139596     /usr/lib/jvm/java-7-openjdk-i386/jre/lib/i386/server/libjvm.so
b713b000-b7558000 rw-p 00000000 00:00 0 
b7558000-b7570000 r-xp 00000000 08:04 1182943    /lib/i386-linux-gnu/libz.so.1.2.8
b7570000-b7571000 r--p 00017000 08:04 1182943    /lib/i386-linux-gnu/libz.so.1.2.8
b7571000-b7572000 rw-p 00018000 08:04 1182943    /lib/i386-linux-gnu/libz.so.1.2.8
b7572000-b7573000 rw-p 00000000 00:00 0 
b7573000-b758b000 r-xp 00000000 08:04 1196066    /lib/i386-linux-gnu/libpthread-2.19.so
b758b000-b758c000 r--p 00017000 08:04 1196066    /lib/i386-linux-gnu/libpthread-2.19.so
b758c000-b758d000 rw-p 00018000 08:04 1196066    /lib/i386-linux-gnu/libpthread-2.19.so
b758d000-b758f000 rw-p 00000000 00:00 0 
b758f000-b7592000 r-xp 00000000 08:04 1196071    /lib/i386-linux-gnu/libdl-2.19.so
b7592000-b7593000 r--p 00002000 08:04 1196071    /lib/i386-linux-gnu/libdl-2.19.so
b7593000-b7594000 rw-p 00003000 08:04 1196071    /lib/i386-linux-gnu/libdl-2.19.so
b7594000-b773d000 r-xp 00000000 08:04 1196044    /lib/i386-linux-gnu/libc-2.19.so
b773d000-b773e000 ---p 001a9000 08:04 1196044    /lib/i386-linux-gnu/libc-2.19.so
b773e000-b7740000 r--p 001a9000 08:04 1196044    /lib/i386-linux-gnu/libc-2.19.so
b7740000-b7741000 rw-p 001ab000 08:04 1196044    /lib/i386-linux-gnu/libc-2.19.so
b7741000-b7744000 rw-p 00000000 00:00 0 
b7748000-b774f000 r-xp 00000000 08:04 1196013    /lib/i386-linux-gnu/libnss_compat-2.19.so
b774f000-b7750000 r--p 00006000 08:04 1196013    /lib/i386-linux-gnu/libnss_compat-2.19.so
b7750000-b7751000 rw-p 00007000 08:04 1196013    /lib/i386-linux-gnu/libnss_compat-2.19.so
b7751000-b7752000 rw-p 00000000 00:00 0 
b7752000-b7753000 r--p 00000000 00:00 0 
b7753000-b7761000 r-xp 00000000 08:04 139606     /usr/lib/jvm/java-7-openjdk-i386/jre/lib/i386/libverify.so
b7761000-b7762000 r--p 0000d000 08:04 139606     /usr/lib/jvm/java-7-openjdk-i386/jre/lib/i386/libverify.so
b7762000-b7763000 rw-p 0000e000 08:04 139606     /usr/lib/jvm/java-7-openjdk-i386/jre/lib/i386/libverify.so
b7763000-b776f000 r-xp 00000000 08:04 139610     /usr/lib/jvm/java-7-openjdk-i386/jre/lib/i386/jli/libjli.so
b776f000-b7770000 r--p 0000c000 08:04 139610     /usr/lib/jvm/java-7-openjdk-i386/jre/lib/i386/jli/libjli.so
b7770000-b7771000 rw-p 0000d000 08:04 139610     /usr/lib/jvm/java-7-openjdk-i386/jre/lib/i386/jli/libjli.so
b7771000-b7774000 rw-p 00000000 00:00 0 
b7774000-b7775000 r-xp 00000000 00:00 0          [vdso]
b7775000-b7795000 r-xp 00000000 08:04 1196069    /lib/i386-linux-gnu/ld-2.19.so
b7795000-b7796000 r--p 0001f000 08:04 1196069    /lib/i386-linux-gnu/ld-2.19.so
b7796000-b7797000 rw-p 00020000 08:04 1196069    /lib/i386-linux-gnu/ld-2.19.so
bfda4000-bfda5000 rwxp 00000000 00:00 0 
bfdd7000-bfdf8000 rw-p 00000000 00:00 0          [stack]

VM Arguments:
jvm_args: -Dfile.encoding=UTF-8 -Xbootclasspath:/home/stefo/Desktop/adt-bundle-linux-x86-20140702/sdk/platforms/android-17/android.jar 
java_command: org.elsys.NeuralNet.division
Launcher Type: SUN_STANDARD

Environment Variables:
PATH=/usr/local/sbin:/usr/local/bin:/usr/sbin:/usr/bin:/sbin:/bin:/usr/games:/usr/local/games
LD_LIBRARY_PATH=/usr/lib/jvm/java-7-openjdk-i386/jre/lib/i386/server:/usr/lib/jvm/java-7-openjdk-i386/jre/lib/i386:/usr/lib/jvm/java-7-openjdk-i386/jre/../lib/i386:/usr/lib/jvm/java-7-openjdk-i386/jre/lib/i386/client:/usr/lib/jvm/java-7-openjdk-i386/jre/lib/i386:
SHELL=/bin/bash
DISPLAY=:0.0

Signal Handlers:
SIGSEGV: [libjvm.so+0x80a5e0], sa_mask[0]=0x7ffbfeff, sa_flags=0x10000004
SIGBUS: [libjvm.so+0x80a5e0], sa_mask[0]=0x7ffbfeff, sa_flags=0x10000004
SIGFPE: [libjvm.so+0x6844f0], sa_mask[0]=0x7ffbfeff, sa_flags=0x10000004
SIGPIPE: [libjvm.so+0x6844f0], sa_mask[0]=0x7ffbfeff, sa_flags=0x10000004
SIGXFSZ: [libjvm.so+0x6844f0], sa_mask[0]=0x7ffbfeff, sa_flags=0x10000004
SIGILL: [libjvm.so+0x6844f0], sa_mask[0]=0x7ffbfeff, sa_flags=0x10000004
SIGUSR1: SIG_DFL, sa_mask[0]=0x00000000, sa_flags=0x00000000
SIGUSR2: [libjvm.so+0x684380], sa_mask[0]=0x00000004, sa_flags=0x10000004
SIGHUP: SIG_DFL, sa_mask[0]=0x00000000, sa_flags=0x00000000
SIGINT: SIG_DFL, sa_mask[0]=0x00000000, sa_flags=0x00000000
SIGTERM: SIG_DFL, sa_mask[0]=0x00000000, sa_flags=0x00000000
SIGQUIT: SIG_DFL, sa_mask[0]=0x00000000, sa_flags=0x00000000
SIGTRAP: SIG_DFL, sa_mask[0]=0x00000000, sa_flags=0x00000000


---------------  S Y S T E M  ---------------

OS:Ubuntu 14.04 (trusty)
uname:Linux 3.13.0-39-generic #66-Ubuntu SMP Tue Oct 28 13:31:23 UTC 2014 i686
libc:glibc 2.19 NPTL 2.19 
rlimit: STACK 8192k, CORE 0k, NPROC 32157, NOFILE 4096, AS infinity
load average:0.59 0.49 0.51

/proc/meminfo:
MemTotal:        4135352 kB
MemFree:          371212 kB
Buffers:          268388 kB
Cached:          1460744 kB
SwapCached:            0 kB
Active:          2558580 kB
Inactive:         882284 kB
Active(anon):    1732656 kB
Inactive(anon):   104108 kB
Active(file):     825924 kB
Inactive(file):   778176 kB
Unevictable:         448 kB
Mlocked:             448 kB
HighTotal:       3280552 kB
HighFree:         196208 kB
LowTotal:         854800 kB
LowFree:          175004 kB
SwapTotal:             0 kB
SwapFree:              0 kB
Dirty:                44 kB
Writeback:             0 kB
AnonPages:       1712180 kB
Mapped:           281956 kB
Shmem:            125032 kB
Slab:             248576 kB
SReclaimable:     221920 kB
SUnreclaim:        26656 kB
KernelStack:        6120 kB
PageTables:        18760 kB
NFS_Unstable:          0 kB
Bounce:                0 kB
WritebackTmp:          0 kB
CommitLimit:     2067676 kB
Committed_AS:    7426668 kB
VmallocTotal:     122880 kB
VmallocUsed:       62732 kB
VmallocChunk:      32108 kB
HardwareCorrupted:     0 kB
AnonHugePages:    800768 kB
HugePages_Total:       0
HugePages_Free:        0
HugePages_Rsvd:        0
HugePages_Surp:        0
Hugepagesize:       2048 kB
DirectMap4k:       26616 kB
DirectMap2M:      886784 kB


CPU:total 2 (2 cores per cpu, 1 threads per core) family 6 model 15 stepping 13, cmov, cx8, fxsr, mmx, sse, sse2, sse3, ssse3, tsc

/proc/cpuinfo:
processor	: 0
vendor_id	: GenuineIntel
cpu family	: 6
model		: 15
model name	: Intel(R) Core(TM)2 Duo CPU     T5900  @ 2.20GHz
stepping	: 13
microcode	: 0xa3
cpu MHz		: 2200.000
cache size	: 2048 KB
physical id	: 0
siblings	: 2
core id		: 0
cpu cores	: 2
apicid		: 0
initial apicid	: 0
fdiv_bug	: no
f00f_bug	: no
coma_bug	: no
fpu		: yes
fpu_exception	: yes
cpuid level	: 10
wp		: yes
flags		: fpu vme de pse tsc msr pae mce cx8 apic sep mtrr pge mca cmov pat pse36 clflush dts acpi mmx fxsr sse sse2 ss ht tm pbe nx lm constant_tsc arch_perfmon pebs bts aperfmperf pni dtes64 monitor ds_cpl est tm2 ssse3 cx16 xtpr pdcm lahf_lm dtherm
bogomips	: 4399.58
clflush size	: 64
cache_alignment	: 64
address sizes	: 36 bits physical, 48 bits virtual
power management:

processor	: 1
vendor_id	: GenuineIntel
cpu family	: 6
model		: 15
model name	: Intel(R) Core(TM)2 Duo CPU     T5900  @ 2.20GHz
stepping	: 13
microcode	: 0xa3
cpu MHz		: 800.000
cache size	: 2048 KB
physical id	: 0
siblings	: 2
core id		: 1
cpu cores	: 2
apicid		: 1
initial apicid	: 1
fdiv_bug	: no
f00f_bug	: no
coma_bug	: no
fpu		: yes
fpu_exception	: yes
cpuid level	: 10
wp		: yes
flags		: fpu vme de pse tsc msr pae mce cx8 apic sep mtrr pge mca cmov pat pse36 clflush dts acpi mmx fxsr sse sse2 ss ht tm pbe nx lm constant_tsc arch_perfmon pebs bts aperfmperf pni dtes64 monitor ds_cpl est tm2 ssse3 cx16 xtpr pdcm lahf_lm dtherm
bogomips	: 4399.58
clflush size	: 64
cache_alignment	: 64
address sizes	: 36 bits physical, 48 bits virtual
power management:



Memory: 4k page, physical 4135352k(371212k free), swap 0k(0k free)

vm_info: OpenJDK Server VM (24.65-b04) for linux-x86 JRE (1.7.0_65-b32), built on Oct 22 2014 04:44:59 by "buildd" with gcc 4.8.2

time: Sun Feb 22 22:43:55 2015
elapsed time: 0 seconds

