#
# A fatal error has been detected by the Java Runtime Environment:
#
#  Internal Error (javaClasses.cpp:139), pid=15244, tid=3058772800
#  fatal error: Invalid layout of preloaded class
#
# JRE version:  (7.0_65-b32) (build )
# Java VM: OpenJDK Server VM (24.65-b04 mixed mode linux-x86 )
# Derivative: IcedTea 2.5.3
# Distribution: Ubuntu 14.04 LTS, package 7u71-2.5.3-0ubuntu0.14.04.1
# Failed to write core dump. Core dumps have been disabled. To enable core dumping, try "ulimit -c unlimited" before starting Java again
#
# If you would like to submit a bug report, please include
# instructions on how to reproduce the bug and visit:
#   http://icedtea.classpath.org/bugzilla
#

---------------  T H R E A D  ---------------

Current thread (0xb6309000):  JavaThread "Unknown thread" [_thread_in_vm, id=15250, stack(0xb64c2000,0xb6513000)]

Stack: [0xb64c2000,0xb6513000]

---------------  P R O C E S S  ---------------

Java Threads: ( => current thread )

Other Threads:

=>0xb6309000 (exited) JavaThread "Unknown thread" [_thread_in_vm, id=15250, stack(0xb64c2000,0xb6513000)]

VM state:not at safepoint (not fully initialized)

VM Mutex/Monitor currently owned by a thread: None

GC Heap History (0 events):
No events

Deoptimization events (0 events):
No events

Internal exceptions (0 events):
No events

Events (10 events):
Event: 0.080 loading class 0x6b7a5670 done
Event: 0.080 loading class 0x6b7a5100 done
Event: 0.080 loading class 0x6b7a50e0
Event: 0.080 loading class 0x6b7ac3b8
Event: 0.080 loading class 0x6b7ac3b8 done
Event: 0.080 loading class 0x6b7ac3e8
Event: 0.080 loading class 0x6b7ac3e8 done
Event: 0.080 loading class 0x6b7ac418
Event: 0.080 loading class 0x6b7ac418 done
Event: 0.080 loading class 0x6b7a50e0 done


Dynamic libraries:
08048000-08049000 r-xp 00000000 08:04 666900     /usr/lib/jvm/java-7-openjdk-i386/jre/bin/java
08049000-0804a000 r--p 00000000 08:04 666900     /usr/lib/jvm/java-7-openjdk-i386/jre/bin/java
0804a000-0804b000 rw-p 00001000 08:04 666900     /usr/lib/jvm/java-7-openjdk-i386/jre/bin/java
08c3d000-08c5e000 rw-p 00000000 00:00 0          [heap]
68d38000-68dfe000 r--s 0116f000 08:04 2774855    /home/stefo/Desktop/adt-bundle-linux-x86-20140702/sdk/platforms/android-17/android.jar
68dfe000-6b600000 rw-p 00000000 00:00 0 
6b600000-6b621000 rw-p 00000000 00:00 0 
6b621000-6b700000 ---p 00000000 00:00 0 
6b7a5000-6b800000 rw-p 00000000 00:00 0 
6b800000-6b821000 rw-p 00000000 00:00 0 
6b821000-6b900000 ---p 00000000 00:00 0 
6b90f000-6b933000 rw-p 00000000 00:00 0 
6b933000-6b934000 ---p 00000000 00:00 0 
6b934000-6b9b4000 rw-p 00000000 00:00 0          [stack:15253]
6b9b4000-6b9b5000 ---p 00000000 00:00 0 
6b9b5000-6ba3d000 rw-p 00000000 00:00 0          [stack:15252]
6ba3d000-6ba75000 rw-p 00000000 00:00 0 
6ba75000-6ba8a000 rw-p 00000000 00:00 0 
6ba8a000-6bbc6000 rw-p 00000000 00:00 0 
6bbc6000-6bbce000 rw-p 00000000 00:00 0 
6bbce000-6bc06000 rw-p 00000000 00:00 0 
6bc06000-6bc1b000 rw-p 00000000 00:00 0 
6bc1b000-6bd56000 rw-p 00000000 00:00 0 
6bd56000-6bd62000 rw-p 00000000 00:00 0 
6bd62000-6bdff000 rw-p 00000000 00:00 0 
6bdff000-6ce00000 rw-p 00000000 00:00 0 
6ce00000-73e00000 rw-p 00000000 00:00 0 
73e00000-76800000 rw-p 00000000 00:00 0 
76800000-9df40000 rw-p 00000000 00:00 0 
9df40000-9f440000 rw-p 00000000 00:00 0 
9f440000-b3000000 rw-p 00000000 00:00 0 
b3018000-b303c000 rw-p 00000000 00:00 0 
b303c000-b30f3000 rw-p 00000000 00:00 0 
b30f3000-b3333000 rwxp 00000000 00:00 0 
b3333000-b60f3000 rw-p 00000000 00:00 0 
b60f3000-b60fe000 r-xp 00000000 08:04 1191679    /lib/i386-linux-gnu/libnss_files-2.19.so
b60fe000-b60ff000 r--p 0000a000 08:04 1191679    /lib/i386-linux-gnu/libnss_files-2.19.so
b60ff000-b6100000 rw-p 0000b000 08:04 1191679    /lib/i386-linux-gnu/libnss_files-2.19.so
b6100000-b6300000 r--p 00000000 08:04 3283476    /usr/lib/locale/locale-archive
b6300000-b6355000 rw-p 00000000 00:00 0 
b6355000-b6400000 ---p 00000000 00:00 0 
b6403000-b640d000 r-xp 00000000 08:04 1196034    /lib/i386-linux-gnu/libnss_nis-2.19.so
b640d000-b640e000 r--p 00009000 08:04 1196034    /lib/i386-linux-gnu/libnss_nis-2.19.so
b640e000-b640f000 rw-p 0000a000 08:04 1196034    /lib/i386-linux-gnu/libnss_nis-2.19.so
b640f000-b6424000 r-xp 00000000 08:04 1196025    /lib/i386-linux-gnu/libnsl-2.19.so
b6424000-b6425000 r--p 00015000 08:04 1196025    /lib/i386-linux-gnu/libnsl-2.19.so
b6425000-b6426000 rw-p 00016000 08:04 1196025    /lib/i386-linux-gnu/libnsl-2.19.so
b6426000-b6428000 rw-p 00000000 00:00 0 
b6428000-b642f000 r-xp 00000000 08:04 1196013    /lib/i386-linux-gnu/libnss_compat-2.19.so
b642f000-b6430000 r--p 00006000 08:04 1196013    /lib/i386-linux-gnu/libnss_compat-2.19.so
b6430000-b6431000 rw-p 00007000 08:04 1196013    /lib/i386-linux-gnu/libnss_compat-2.19.so
b643e000-b6446000 r-xp 00000000 08:04 139579     /usr/lib/jvm/java-7-openjdk-i386/jre/lib/i386/libzip.so
b6446000-b6447000 r--p 00007000 08:04 139579     /usr/lib/jvm/java-7-openjdk-i386/jre/lib/i386/libzip.so
b6447000-b6448000 rw-p 00008000 08:04 139579     /usr/lib/jvm/java-7-openjdk-i386/jre/lib/i386/libzip.so
b6448000-b6450000 rw-s 00000000 08:04 286211     /tmp/hsperfdata_stefo/15244
b6450000-b648e000 r-xp 00000000 08:04 139590     /usr/lib/jvm/java-7-openjdk-i386/jre/lib/i386/libjdwp.so
b648e000-b648f000 r--p 0003d000 08:04 139590     /usr/lib/jvm/java-7-openjdk-i386/jre/lib/i386/libjdwp.so
b648f000-b6490000 rw-p 0003e000 08:04 139590     /usr/lib/jvm/java-7-openjdk-i386/jre/lib/i386/libjdwp.so
b6490000-b64b7000 r-xp 00000000 08:04 139578     /usr/lib/jvm/java-7-openjdk-i386/jre/lib/i386/libjava.so
b64b7000-b64b8000 r--p 00026000 08:04 139578     /usr/lib/jvm/java-7-openjdk-i386/jre/lib/i386/libjava.so
b64b8000-b64b9000 rw-p 00027000 08:04 139578     /usr/lib/jvm/java-7-openjdk-i386/jre/lib/i386/libjava.so
b64b9000-b64c0000 r-xp 00000000 08:04 1196022    /lib/i386-linux-gnu/librt-2.19.so
b64c0000-b64c1000 r--p 00006000 08:04 1196022    /lib/i386-linux-gnu/librt-2.19.so
b64c1000-b64c2000 rw-p 00007000 08:04 1196022    /lib/i386-linux-gnu/librt-2.19.so
b64c2000-b64c5000 ---p 00000000 00:00 0 
b64c5000-b6513000 rw-p 00000000 00:00 0          [stack:15250]
b6513000-b652f000 r-xp 00000000 08:04 1182940    /lib/i386-linux-gnu/libgcc_s.so.1
b652f000-b6530000 rw-p 0001b000 08:04 1182940    /lib/i386-linux-gnu/libgcc_s.so.1
b6530000-b6574000 r-xp 00000000 08:04 1196029    /lib/i386-linux-gnu/libm-2.19.so
b6574000-b6575000 r--p 00043000 08:04 1196029    /lib/i386-linux-gnu/libm-2.19.so
b6575000-b6576000 rw-p 00044000 08:04 1196029    /lib/i386-linux-gnu/libm-2.19.so
b6576000-b6652000 r-xp 00000000 08:04 3307790    /usr/lib/i386-linux-gnu/libstdc++.so.6.0.19
b6652000-b6653000 ---p 000dc000 08:04 3307790    /usr/lib/i386-linux-gnu/libstdc++.so.6.0.19
b6653000-b6657000 r--p 000dc000 08:04 3307790    /usr/lib/i386-linux-gnu/libstdc++.so.6.0.19
b6657000-b6658000 rw-p 000e0000 08:04 3307790    /usr/lib/i386-linux-gnu/libstdc++.so.6.0.19
b6658000-b665f000 rw-p 00000000 00:00 0 
b665f000-b704a000 r-xp 00000000 08:04 139596     /usr/lib/jvm/java-7-openjdk-i386/jre/lib/i386/server/libjvm.so
b704a000-b704b000 ---p 009eb000 08:04 139596     /usr/lib/jvm/java-7-openjdk-i386/jre/lib/i386/server/libjvm.so
b704b000-b709d000 r--p 009eb000 08:04 139596     /usr/lib/jvm/java-7-openjdk-i386/jre/lib/i386/server/libjvm.so
b709d000-b70b1000 rw-p 00a3d000 08:04 139596     /usr/lib/jvm/java-7-openjdk-i386/jre/lib/i386/server/libjvm.so
b70b1000-b74ce000 rw-p 00000000 00:00 0 
b74ce000-b74e6000 r-xp 00000000 08:04 1182943    /lib/i386-linux-gnu/libz.so.1.2.8
b74e6000-b74e7000 r--p 00017000 08:04 1182943    /lib/i386-linux-gnu/libz.so.1.2.8
b74e7000-b74e8000 rw-p 00018000 08:04 1182943    /lib/i386-linux-gnu/libz.so.1.2.8
b74e8000-b74e9000 rw-p 00000000 00:00 0 
b74e9000-b7501000 r-xp 00000000 08:04 1196066    /lib/i386-linux-gnu/libpthread-2.19.so
b7501000-b7502000 r--p 00017000 08:04 1196066    /lib/i386-linux-gnu/libpthread-2.19.so
b7502000-b7503000 rw-p 00018000 08:04 1196066    /lib/i386-linux-gnu/libpthread-2.19.so
b7503000-b7505000 rw-p 00000000 00:00 0 
b7505000-b7508000 r-xp 00000000 08:04 1196071    /lib/i386-linux-gnu/libdl-2.19.so
b7508000-b7509000 r--p 00002000 08:04 1196071    /lib/i386-linux-gnu/libdl-2.19.so
b7509000-b750a000 rw-p 00003000 08:04 1196071    /lib/i386-linux-gnu/libdl-2.19.so
b750a000-b76b3000 r-xp 00000000 08:04 1196044    /lib/i386-linux-gnu/libc-2.19.so
b76b3000-b76b4000 ---p 001a9000 08:04 1196044    /lib/i386-linux-gnu/libc-2.19.so
b76b4000-b76b6000 r--p 001a9000 08:04 1196044    /lib/i386-linux-gnu/libc-2.19.so
b76b6000-b76b7000 rw-p 001ab000 08:04 1196044    /lib/i386-linux-gnu/libc-2.19.so
b76b7000-b76ba000 rw-p 00000000 00:00 0 
b76c1000-b76c2000 r--p 002c5000 08:04 3283476    /usr/lib/locale/locale-archive
b76c2000-b76c5000 r-xp 00000000 08:04 139589     /usr/lib/jvm/java-7-openjdk-i386/jre/lib/i386/libnpt.so
b76c5000-b76c6000 r--p 00002000 08:04 139589     /usr/lib/jvm/java-7-openjdk-i386/jre/lib/i386/libnpt.so
b76c6000-b76c7000 rw-p 00003000 08:04 139589     /usr/lib/jvm/java-7-openjdk-i386/jre/lib/i386/libnpt.so
b76c7000-b76c8000 rw-p 00000000 00:00 0 
b76c8000-b76c9000 r--p 00000000 00:00 0 
b76c9000-b76d7000 r-xp 00000000 08:04 139606     /usr/lib/jvm/java-7-openjdk-i386/jre/lib/i386/libverify.so
b76d7000-b76d8000 r--p 0000d000 08:04 139606     /usr/lib/jvm/java-7-openjdk-i386/jre/lib/i386/libverify.so
b76d8000-b76d9000 rw-p 0000e000 08:04 139606     /usr/lib/jvm/java-7-openjdk-i386/jre/lib/i386/libverify.so
b76d9000-b76e5000 r-xp 00000000 08:04 139610     /usr/lib/jvm/java-7-openjdk-i386/jre/lib/i386/jli/libjli.so
b76e5000-b76e6000 r--p 0000c000 08:04 139610     /usr/lib/jvm/java-7-openjdk-i386/jre/lib/i386/jli/libjli.so
b76e6000-b76e7000 rw-p 0000d000 08:04 139610     /usr/lib/jvm/java-7-openjdk-i386/jre/lib/i386/jli/libjli.so
b76e7000-b76ea000 rw-p 00000000 00:00 0 
b76ea000-b76eb000 r-xp 00000000 00:00 0          [vdso]
b76eb000-b770b000 r-xp 00000000 08:04 1196069    /lib/i386-linux-gnu/ld-2.19.so
b770b000-b770c000 r--p 0001f000 08:04 1196069    /lib/i386-linux-gnu/ld-2.19.so
b770c000-b770d000 rw-p 00020000 08:04 1196069    /lib/i386-linux-gnu/ld-2.19.so
bf7de000-bf7df000 rwxp 00000000 00:00 0 
bf811000-bf832000 rw-p 00000000 00:00 0          [stack]

VM Arguments:
jvm_args: -agentlib:jdwp=transport=dt_socket,suspend=y,address=localhost:38386 -Dfile.encoding=UTF-8 -Xbootclasspath:/home/stefo/Desktop/adt-bundle-linux-x86-20140702/sdk/platforms/android-17/android.jar 
java_command: com.example.drawing.DrawingView
Launcher Type: SUN_STANDARD

Environment Variables:
PATH=/usr/local/sbin:/usr/local/bin:/usr/sbin:/usr/bin:/sbin:/bin:/usr/games:/usr/local/games
LD_LIBRARY_PATH=/usr/lib/jvm/java-7-openjdk-i386/jre/lib/i386/server:/usr/lib/jvm/java-7-openjdk-i386/jre/lib/i386:/usr/lib/jvm/java-7-openjdk-i386/jre/../lib/i386:/usr/lib/jvm/java-7-openjdk-i386/jre/lib/i386/client:/usr/lib/jvm/java-7-openjdk-i386/jre/lib/i386:
SHELL=/bin/bash
DISPLAY=:0.0

Signal Handlers:
SIGSEGV: [libjvm.so+0x80a5e0], sa_mask[0]=0x7ffbfeff, sa_flags=0x10000004
SIGBUS: [libjvm.so+0x80a5e0], sa_mask[0]=0x7ffbfeff, sa_flags=0x10000004
SIGFPE: [libjvm.so+0x6844f0], sa_mask[0]=0x7ffbfeff, sa_flags=0x10000004
SIGPIPE: [libjvm.so+0x6844f0], sa_mask[0]=0x7ffbfeff, sa_flags=0x10000004
SIGXFSZ: [libjvm.so+0x6844f0], sa_mask[0]=0x7ffbfeff, sa_flags=0x10000004
SIGILL: [libjvm.so+0x6844f0], sa_mask[0]=0x7ffbfeff, sa_flags=0x10000004
SIGUSR1: SIG_DFL, sa_mask[0]=0x00000000, sa_flags=0x00000000
SIGUSR2: [libjvm.so+0x684380], sa_mask[0]=0x00000004, sa_flags=0x10000004
SIGHUP: SIG_DFL, sa_mask[0]=0x00000000, sa_flags=0x00000000
SIGINT: SIG_DFL, sa_mask[0]=0x00000000, sa_flags=0x00000000
SIGTERM: SIG_DFL, sa_mask[0]=0x00000000, sa_flags=0x00000000
SIGQUIT: SIG_DFL, sa_mask[0]=0x00000000, sa_flags=0x00000000
SIGTRAP: SIG_DFL, sa_mask[0]=0x00000000, sa_flags=0x00000000


---------------  S Y S T E M  ---------------

OS:Ubuntu 14.04 (trusty)
uname:Linux 3.13.0-39-generic #66-Ubuntu SMP Tue Oct 28 13:31:23 UTC 2014 i686
libc:glibc 2.19 NPTL 2.19 
rlimit: STACK 8192k, CORE 0k, NPROC 32157, NOFILE 4096, AS infinity
load average:0.32 0.60 0.62

/proc/meminfo:
MemTotal:        4135352 kB
MemFree:          301892 kB
Buffers:          132504 kB
Cached:          2042528 kB
SwapCached:            0 kB
Active:          2622548 kB
Inactive:        1067412 kB
Active(anon):    1516380 kB
Inactive(anon):    42448 kB
Active(file):    1106168 kB
Inactive(file):  1024964 kB
Unevictable:         336 kB
Mlocked:             336 kB
HighTotal:       3280552 kB
HighFree:         153900 kB
LowTotal:         854800 kB
LowFree:          147992 kB
SwapTotal:             0 kB
SwapFree:              0 kB
Dirty:               132 kB
Writeback:             0 kB
AnonPages:       1515468 kB
Mapped:           172016 kB
Shmem:             43712 kB
Slab:              92320 kB
SReclaimable:      72792 kB
SUnreclaim:        19528 kB
KernelStack:        4376 kB
PageTables:        14468 kB
NFS_Unstable:          0 kB
Bounce:                0 kB
WritebackTmp:          0 kB
CommitLimit:     2067676 kB
Committed_AS:    5237908 kB
VmallocTotal:     122880 kB
VmallocUsed:       61164 kB
VmallocChunk:      37604 kB
HardwareCorrupted:     0 kB
AnonHugePages:    626688 kB
HugePages_Total:       0
HugePages_Free:        0
HugePages_Rsvd:        0
HugePages_Surp:        0
Hugepagesize:       2048 kB
DirectMap4k:       34808 kB
DirectMap2M:      878592 kB


CPU:total 2 (2 cores per cpu, 1 threads per core) family 6 model 15 stepping 13, cmov, cx8, fxsr, mmx, sse, sse2, sse3, ssse3, tsc

/proc/cpuinfo:
processor	: 0
vendor_id	: GenuineIntel
cpu family	: 6
model		: 15
model name	: Intel(R) Core(TM)2 Duo CPU     T5900  @ 2.20GHz
stepping	: 13
microcode	: 0xa3
cpu MHz		: 2200.000
cache size	: 2048 KB
physical id	: 0
siblings	: 2
core id		: 0
cpu cores	: 2
apicid		: 0
initial apicid	: 0
fdiv_bug	: no
f00f_bug	: no
coma_bug	: no
fpu		: yes
fpu_exception	: yes
cpuid level	: 10
wp		: yes
flags		: fpu vme de pse tsc msr pae mce cx8 apic sep mtrr pge mca cmov pat pse36 clflush dts acpi mmx fxsr sse sse2 ss ht tm pbe nx lm constant_tsc arch_perfmon pebs bts aperfmperf pni dtes64 monitor ds_cpl est tm2 ssse3 cx16 xtpr pdcm lahf_lm dtherm
bogomips	: 4400.05
clflush size	: 64
cache_alignment	: 64
address sizes	: 36 bits physical, 48 bits virtual
power management:

processor	: 1
vendor_id	: GenuineIntel
cpu family	: 6
model		: 15
model name	: Intel(R) Core(TM)2 Duo CPU     T5900  @ 2.20GHz
stepping	: 13
microcode	: 0xa3
cpu MHz		: 800.000
cache size	: 2048 KB
physical id	: 0
siblings	: 2
core id		: 1
cpu cores	: 2
apicid		: 1
initial apicid	: 1
fdiv_bug	: no
f00f_bug	: no
coma_bug	: no
fpu		: yes
fpu_exception	: yes
cpuid level	: 10
wp		: yes
flags		: fpu vme de pse tsc msr pae mce cx8 apic sep mtrr pge mca cmov pat pse36 clflush dts acpi mmx fxsr sse sse2 ss ht tm pbe nx lm constant_tsc arch_perfmon pebs bts aperfmperf pni dtes64 monitor ds_cpl est tm2 ssse3 cx16 xtpr pdcm lahf_lm dtherm
bogomips	: 4400.05
clflush size	: 64
cache_alignment	: 64
address sizes	: 36 bits physical, 48 bits virtual
power management:



Memory: 4k page, physical 4135352k(301892k free), swap 0k(0k free)

vm_info: OpenJDK Server VM (24.65-b04) for linux-x86 JRE (1.7.0_65-b32), built on Oct 22 2014 04:44:59 by "buildd" with gcc 4.8.2

time: Sat Nov 29 23:30:00 2014
elapsed time: 0 seconds

