#
# A fatal error has been detected by the Java Runtime Environment:
#
#  Internal Error (javaClasses.cpp:139), pid=15414, tid=3059473216
#  fatal error: Invalid layout of preloaded class
#
# JRE version:  (7.0_65-b32) (build )
# Java VM: OpenJDK Server VM (24.65-b04 mixed mode linux-x86 )
# Derivative: IcedTea 2.5.3
# Distribution: Ubuntu 14.04 LTS, package 7u71-2.5.3-0ubuntu0.14.04.1
# Failed to write core dump. Core dumps have been disabled. To enable core dumping, try "ulimit -c unlimited" before starting Java again
#
# If you would like to submit a bug report, please include
# instructions on how to reproduce the bug and visit:
#   http://icedtea.classpath.org/bugzilla
#

---------------  T H R E A D  ---------------

Current thread (0xb6407800):  JavaThread "Unknown thread" [_thread_in_vm, id=15417, stack(0xb656d000,0xb65be000)]

Stack: [0xb656d000,0xb65be000]

---------------  P R O C E S S  ---------------

Java Threads: ( => current thread )

Other Threads:

=>0xb6407800 (exited) JavaThread "Unknown thread" [_thread_in_vm, id=15417, stack(0xb656d000,0xb65be000)]

VM state:not at safepoint (not fully initialized)

VM Mutex/Monitor currently owned by a thread: None

GC Heap History (0 events):
No events

Deoptimization events (0 events):
No events

Internal exceptions (0 events):
No events

Events (10 events):
Event: 0.075 loading class 0x6baa5670 done
Event: 0.075 loading class 0x6baa5100 done
Event: 0.076 loading class 0x6baa50e0
Event: 0.076 loading class 0x6baac3b8
Event: 0.076 loading class 0x6baac3b8 done
Event: 0.076 loading class 0x6baac3e8
Event: 0.076 loading class 0x6baac3e8 done
Event: 0.076 loading class 0x6baac418
Event: 0.076 loading class 0x6baac418 done
Event: 0.076 loading class 0x6baa50e0 done


Dynamic libraries:
08048000-08049000 r-xp 00000000 08:04 666900     /usr/lib/jvm/java-7-openjdk-i386/jre/bin/java
08049000-0804a000 r--p 00000000 08:04 666900     /usr/lib/jvm/java-7-openjdk-i386/jre/bin/java
0804a000-0804b000 rw-p 00001000 08:04 666900     /usr/lib/jvm/java-7-openjdk-i386/jre/bin/java
09e95000-09eb6000 rw-p 00000000 00:00 0          [heap]
69038000-690fe000 r--s 0116f000 08:04 2774855    /home/stefo/Desktop/adt-bundle-linux-x86-20140702/sdk/platforms/android-17/android.jar
690fe000-6b900000 rw-p 00000000 00:00 0 
6b900000-6b921000 rw-p 00000000 00:00 0 
6b921000-6ba00000 ---p 00000000 00:00 0 
6baa5000-6bb00000 rw-p 00000000 00:00 0 
6bb00000-6bb21000 rw-p 00000000 00:00 0 
6bb21000-6bc00000 ---p 00000000 00:00 0 
6bc0f000-6bc33000 rw-p 00000000 00:00 0 
6bc33000-6bc34000 ---p 00000000 00:00 0 
6bc34000-6bcb4000 rw-p 00000000 00:00 0          [stack:15421]
6bcb4000-6bcb5000 ---p 00000000 00:00 0 
6bcb5000-6bd3d000 rw-p 00000000 00:00 0          [stack:15420]
6bd3d000-6bd75000 rw-p 00000000 00:00 0 
6bd75000-6bd8a000 rw-p 00000000 00:00 0 
6bd8a000-6bec6000 rw-p 00000000 00:00 0 
6bec6000-6bece000 rw-p 00000000 00:00 0 
6bece000-6bf06000 rw-p 00000000 00:00 0 
6bf06000-6bf1b000 rw-p 00000000 00:00 0 
6bf1b000-6c056000 rw-p 00000000 00:00 0 
6c056000-6c062000 rw-p 00000000 00:00 0 
6c062000-6c0ff000 rw-p 00000000 00:00 0 
6c0ff000-6d100000 rw-p 00000000 00:00 0 
6d100000-74100000 rw-p 00000000 00:00 0 
74100000-76b00000 rw-p 00000000 00:00 0 
76b00000-9e240000 rw-p 00000000 00:00 0 
9e240000-9f740000 rw-p 00000000 00:00 0 
9f740000-b3300000 rw-p 00000000 00:00 0 
b330c000-b3330000 rw-p 00000000 00:00 0 
b3330000-b33e7000 rw-p 00000000 00:00 0 
b33e7000-b3627000 rwxp 00000000 00:00 0 
b3627000-b63e7000 rw-p 00000000 00:00 0 
b63e7000-b63f2000 r-xp 00000000 08:04 1191679    /lib/i386-linux-gnu/libnss_files-2.19.so
b63f2000-b63f3000 r--p 0000a000 08:04 1191679    /lib/i386-linux-gnu/libnss_files-2.19.so
b63f3000-b63f4000 rw-p 0000b000 08:04 1191679    /lib/i386-linux-gnu/libnss_files-2.19.so
b63f4000-b63fe000 r-xp 00000000 08:04 1196034    /lib/i386-linux-gnu/libnss_nis-2.19.so
b63fe000-b63ff000 r--p 00009000 08:04 1196034    /lib/i386-linux-gnu/libnss_nis-2.19.so
b63ff000-b6400000 rw-p 0000a000 08:04 1196034    /lib/i386-linux-gnu/libnss_nis-2.19.so
b6400000-b6454000 rw-p 00000000 00:00 0 
b6454000-b6500000 ---p 00000000 00:00 0 
b6503000-b6518000 r-xp 00000000 08:04 1196025    /lib/i386-linux-gnu/libnsl-2.19.so
b6518000-b6519000 r--p 00015000 08:04 1196025    /lib/i386-linux-gnu/libnsl-2.19.so
b6519000-b651a000 rw-p 00016000 08:04 1196025    /lib/i386-linux-gnu/libnsl-2.19.so
b651a000-b651c000 rw-p 00000000 00:00 0 
b6529000-b6531000 r-xp 00000000 08:04 139579     /usr/lib/jvm/java-7-openjdk-i386/jre/lib/i386/libzip.so
b6531000-b6532000 r--p 00007000 08:04 139579     /usr/lib/jvm/java-7-openjdk-i386/jre/lib/i386/libzip.so
b6532000-b6533000 rw-p 00008000 08:04 139579     /usr/lib/jvm/java-7-openjdk-i386/jre/lib/i386/libzip.so
b6533000-b653b000 rw-s 00000000 08:04 286211     /tmp/hsperfdata_stefo/15414
b653b000-b6562000 r-xp 00000000 08:04 139578     /usr/lib/jvm/java-7-openjdk-i386/jre/lib/i386/libjava.so
b6562000-b6563000 r--p 00026000 08:04 139578     /usr/lib/jvm/java-7-openjdk-i386/jre/lib/i386/libjava.so
b6563000-b6564000 rw-p 00027000 08:04 139578     /usr/lib/jvm/java-7-openjdk-i386/jre/lib/i386/libjava.so
b6564000-b656b000 r-xp 00000000 08:04 1196022    /lib/i386-linux-gnu/librt-2.19.so
b656b000-b656c000 r--p 00006000 08:04 1196022    /lib/i386-linux-gnu/librt-2.19.so
b656c000-b656d000 rw-p 00007000 08:04 1196022    /lib/i386-linux-gnu/librt-2.19.so
b656d000-b6570000 ---p 00000000 00:00 0 
b6570000-b65be000 rw-p 00000000 00:00 0          [stack:15417]
b65be000-b65da000 r-xp 00000000 08:04 1182940    /lib/i386-linux-gnu/libgcc_s.so.1
b65da000-b65db000 rw-p 0001b000 08:04 1182940    /lib/i386-linux-gnu/libgcc_s.so.1
b65db000-b661f000 r-xp 00000000 08:04 1196029    /lib/i386-linux-gnu/libm-2.19.so
b661f000-b6620000 r--p 00043000 08:04 1196029    /lib/i386-linux-gnu/libm-2.19.so
b6620000-b6621000 rw-p 00044000 08:04 1196029    /lib/i386-linux-gnu/libm-2.19.so
b6621000-b66fd000 r-xp 00000000 08:04 3307790    /usr/lib/i386-linux-gnu/libstdc++.so.6.0.19
b66fd000-b66fe000 ---p 000dc000 08:04 3307790    /usr/lib/i386-linux-gnu/libstdc++.so.6.0.19
b66fe000-b6702000 r--p 000dc000 08:04 3307790    /usr/lib/i386-linux-gnu/libstdc++.so.6.0.19
b6702000-b6703000 rw-p 000e0000 08:04 3307790    /usr/lib/i386-linux-gnu/libstdc++.so.6.0.19
b6703000-b670a000 rw-p 00000000 00:00 0 
b670a000-b70f5000 r-xp 00000000 08:04 139596     /usr/lib/jvm/java-7-openjdk-i386/jre/lib/i386/server/libjvm.so
b70f5000-b70f6000 ---p 009eb000 08:04 139596     /usr/lib/jvm/java-7-openjdk-i386/jre/lib/i386/server/libjvm.so
b70f6000-b7148000 r--p 009eb000 08:04 139596     /usr/lib/jvm/java-7-openjdk-i386/jre/lib/i386/server/libjvm.so
b7148000-b715c000 rw-p 00a3d000 08:04 139596     /usr/lib/jvm/java-7-openjdk-i386/jre/lib/i386/server/libjvm.so
b715c000-b7579000 rw-p 00000000 00:00 0 
b7579000-b7591000 r-xp 00000000 08:04 1182943    /lib/i386-linux-gnu/libz.so.1.2.8
b7591000-b7592000 r--p 00017000 08:04 1182943    /lib/i386-linux-gnu/libz.so.1.2.8
b7592000-b7593000 rw-p 00018000 08:04 1182943    /lib/i386-linux-gnu/libz.so.1.2.8
b7593000-b7594000 rw-p 00000000 00:00 0 
b7594000-b75ac000 r-xp 00000000 08:04 1196066    /lib/i386-linux-gnu/libpthread-2.19.so
b75ac000-b75ad000 r--p 00017000 08:04 1196066    /lib/i386-linux-gnu/libpthread-2.19.so
b75ad000-b75ae000 rw-p 00018000 08:04 1196066    /lib/i386-linux-gnu/libpthread-2.19.so
b75ae000-b75b0000 rw-p 00000000 00:00 0 
b75b0000-b75b3000 r-xp 00000000 08:04 1196071    /lib/i386-linux-gnu/libdl-2.19.so
b75b3000-b75b4000 r--p 00002000 08:04 1196071    /lib/i386-linux-gnu/libdl-2.19.so
b75b4000-b75b5000 rw-p 00003000 08:04 1196071    /lib/i386-linux-gnu/libdl-2.19.so
b75b5000-b775e000 r-xp 00000000 08:04 1196044    /lib/i386-linux-gnu/libc-2.19.so
b775e000-b775f000 ---p 001a9000 08:04 1196044    /lib/i386-linux-gnu/libc-2.19.so
b775f000-b7761000 r--p 001a9000 08:04 1196044    /lib/i386-linux-gnu/libc-2.19.so
b7761000-b7762000 rw-p 001ab000 08:04 1196044    /lib/i386-linux-gnu/libc-2.19.so
b7762000-b7765000 rw-p 00000000 00:00 0 
b7769000-b7770000 r-xp 00000000 08:04 1196013    /lib/i386-linux-gnu/libnss_compat-2.19.so
b7770000-b7771000 r--p 00006000 08:04 1196013    /lib/i386-linux-gnu/libnss_compat-2.19.so
b7771000-b7772000 rw-p 00007000 08:04 1196013    /lib/i386-linux-gnu/libnss_compat-2.19.so
b7772000-b7773000 rw-p 00000000 00:00 0 
b7773000-b7774000 r--p 00000000 00:00 0 
b7774000-b7782000 r-xp 00000000 08:04 139606     /usr/lib/jvm/java-7-openjdk-i386/jre/lib/i386/libverify.so
b7782000-b7783000 r--p 0000d000 08:04 139606     /usr/lib/jvm/java-7-openjdk-i386/jre/lib/i386/libverify.so
b7783000-b7784000 rw-p 0000e000 08:04 139606     /usr/lib/jvm/java-7-openjdk-i386/jre/lib/i386/libverify.so
b7784000-b7790000 r-xp 00000000 08:04 139610     /usr/lib/jvm/java-7-openjdk-i386/jre/lib/i386/jli/libjli.so
b7790000-b7791000 r--p 0000c000 08:04 139610     /usr/lib/jvm/java-7-openjdk-i386/jre/lib/i386/jli/libjli.so
b7791000-b7792000 rw-p 0000d000 08:04 139610     /usr/lib/jvm/java-7-openjdk-i386/jre/lib/i386/jli/libjli.so
b7792000-b7795000 rw-p 00000000 00:00 0 
b7795000-b7796000 r-xp 00000000 00:00 0          [vdso]
b7796000-b77b6000 r-xp 00000000 08:04 1196069    /lib/i386-linux-gnu/ld-2.19.so
b77b6000-b77b7000 r--p 0001f000 08:04 1196069    /lib/i386-linux-gnu/ld-2.19.so
b77b7000-b77b8000 rw-p 00020000 08:04 1196069    /lib/i386-linux-gnu/ld-2.19.so
bf884000-bf885000 rwxp 00000000 00:00 0 
bf8b7000-bf8d8000 rw-p 00000000 00:00 0          [stack]

VM Arguments:
jvm_args: -Dfile.encoding=UTF-8 -Xbootclasspath:/home/stefo/Desktop/adt-bundle-linux-x86-20140702/sdk/platforms/android-17/android.jar 
java_command: com.example.drawing.DrawingView
Launcher Type: SUN_STANDARD

Environment Variables:
PATH=/usr/local/sbin:/usr/local/bin:/usr/sbin:/usr/bin:/sbin:/bin:/usr/games:/usr/local/games
LD_LIBRARY_PATH=/usr/lib/jvm/java-7-openjdk-i386/jre/lib/i386/server:/usr/lib/jvm/java-7-openjdk-i386/jre/lib/i386:/usr/lib/jvm/java-7-openjdk-i386/jre/../lib/i386:/usr/lib/jvm/java-7-openjdk-i386/jre/lib/i386/client:/usr/lib/jvm/java-7-openjdk-i386/jre/lib/i386:
SHELL=/bin/bash
DISPLAY=:0.0

Signal Handlers:
SIGSEGV: [libjvm.so+0x80a5e0], sa_mask[0]=0x7ffbfeff, sa_flags=0x10000004
SIGBUS: [libjvm.so+0x80a5e0], sa_mask[0]=0x7ffbfeff, sa_flags=0x10000004
SIGFPE: [libjvm.so+0x6844f0], sa_mask[0]=0x7ffbfeff, sa_flags=0x10000004
SIGPIPE: [libjvm.so+0x6844f0], sa_mask[0]=0x7ffbfeff, sa_flags=0x10000004
SIGXFSZ: [libjvm.so+0x6844f0], sa_mask[0]=0x7ffbfeff, sa_flags=0x10000004
SIGILL: [libjvm.so+0x6844f0], sa_mask[0]=0x7ffbfeff, sa_flags=0x10000004
SIGUSR1: SIG_DFL, sa_mask[0]=0x00000000, sa_flags=0x00000000
SIGUSR2: [libjvm.so+0x684380], sa_mask[0]=0x00000004, sa_flags=0x10000004
SIGHUP: SIG_DFL, sa_mask[0]=0x00000000, sa_flags=0x00000000
SIGINT: SIG_DFL, sa_mask[0]=0x00000000, sa_flags=0x00000000
SIGTERM: SIG_DFL, sa_mask[0]=0x00000000, sa_flags=0x00000000
SIGQUIT: SIG_DFL, sa_mask[0]=0x00000000, sa_flags=0x00000000
SIGTRAP: SIG_DFL, sa_mask[0]=0x00000000, sa_flags=0x00000000


---------------  S Y S T E M  ---------------

OS:Ubuntu 14.04 (trusty)
uname:Linux 3.13.0-39-generic #66-Ubuntu SMP Tue Oct 28 13:31:23 UTC 2014 i686
libc:glibc 2.19 NPTL 2.19 
rlimit: STACK 8192k, CORE 0k, NPROC 32157, NOFILE 4096, AS infinity
load average:0.87 0.70 0.65

/proc/meminfo:
MemTotal:        4135352 kB
MemFree:          298176 kB
Buffers:          132872 kB
Cached:          2039328 kB
SwapCached:            0 kB
Active:          2626704 kB
Inactive:        1067248 kB
Active(anon):    1523016 kB
Inactive(anon):    42524 kB
Active(file):    1103688 kB
Inactive(file):  1024724 kB
Unevictable:         336 kB
Mlocked:             336 kB
HighTotal:       3280552 kB
HighFree:         148568 kB
LowTotal:         854800 kB
LowFree:          149608 kB
SwapTotal:             0 kB
SwapFree:              0 kB
Dirty:               116 kB
Writeback:             0 kB
AnonPages:       1522088 kB
Mapped:           171960 kB
Shmem:             43788 kB
Slab:              92408 kB
SReclaimable:      72800 kB
SUnreclaim:        19608 kB
KernelStack:        4360 kB
PageTables:        14480 kB
NFS_Unstable:          0 kB
Bounce:                0 kB
WritebackTmp:          0 kB
CommitLimit:     2067676 kB
Committed_AS:    5241808 kB
VmallocTotal:     122880 kB
VmallocUsed:       61164 kB
VmallocChunk:      37604 kB
HardwareCorrupted:     0 kB
AnonHugePages:    626688 kB
HugePages_Total:       0
HugePages_Free:        0
HugePages_Rsvd:        0
HugePages_Surp:        0
Hugepagesize:       2048 kB
DirectMap4k:       34808 kB
DirectMap2M:      878592 kB


CPU:total 2 (2 cores per cpu, 1 threads per core) family 6 model 15 stepping 13, cmov, cx8, fxsr, mmx, sse, sse2, sse3, ssse3, tsc

/proc/cpuinfo:
processor	: 0
vendor_id	: GenuineIntel
cpu family	: 6
model		: 15
model name	: Intel(R) Core(TM)2 Duo CPU     T5900  @ 2.20GHz
stepping	: 13
microcode	: 0xa3
cpu MHz		: 2200.000
cache size	: 2048 KB
physical id	: 0
siblings	: 2
core id		: 0
cpu cores	: 2
apicid		: 0
initial apicid	: 0
fdiv_bug	: no
f00f_bug	: no
coma_bug	: no
fpu		: yes
fpu_exception	: yes
cpuid level	: 10
wp		: yes
flags		: fpu vme de pse tsc msr pae mce cx8 apic sep mtrr pge mca cmov pat pse36 clflush dts acpi mmx fxsr sse sse2 ss ht tm pbe nx lm constant_tsc arch_perfmon pebs bts aperfmperf pni dtes64 monitor ds_cpl est tm2 ssse3 cx16 xtpr pdcm lahf_lm dtherm
bogomips	: 4400.05
clflush size	: 64
cache_alignment	: 64
address sizes	: 36 bits physical, 48 bits virtual
power management:

processor	: 1
vendor_id	: GenuineIntel
cpu family	: 6
model		: 15
model name	: Intel(R) Core(TM)2 Duo CPU     T5900  @ 2.20GHz
stepping	: 13
microcode	: 0xa3
cpu MHz		: 2200.000
cache size	: 2048 KB
physical id	: 0
siblings	: 2
core id		: 1
cpu cores	: 2
apicid		: 1
initial apicid	: 1
fdiv_bug	: no
f00f_bug	: no
coma_bug	: no
fpu		: yes
fpu_exception	: yes
cpuid level	: 10
wp		: yes
flags		: fpu vme de pse tsc msr pae mce cx8 apic sep mtrr pge mca cmov pat pse36 clflush dts acpi mmx fxsr sse sse2 ss ht tm pbe nx lm constant_tsc arch_perfmon pebs bts aperfmperf pni dtes64 monitor ds_cpl est tm2 ssse3 cx16 xtpr pdcm lahf_lm dtherm
bogomips	: 4400.05
clflush size	: 64
cache_alignment	: 64
address sizes	: 36 bits physical, 48 bits virtual
power management:



Memory: 4k page, physical 4135352k(298176k free), swap 0k(0k free)

vm_info: OpenJDK Server VM (24.65-b04) for linux-x86 JRE (1.7.0_65-b32), built on Oct 22 2014 04:44:59 by "buildd" with gcc 4.8.2

time: Sat Nov 29 23:34:09 2014
elapsed time: 0 seconds

